bench-wsload.exe 127.0.0.1 8080 1000 1000 100 10 0 2> beast-async.log

129287665.5 ave beast stackless,  20776548.33
135581797.2 beast stackless 2 threads, 18848182.53
123992232.3 beast stackless 4 threads, 15631499.87


127363502.6 ave beast async,      21990949.45 stddev
135143179.2 beast async 2 threads, 20189084.65
126334963.7 beast async 4 threads, 13789463.89



129101181.9 ave beast fast-async, 20571726.48

126000592.4 ave beast coro, 20883821.82
121750473.3, ave beast fast-coro, 24824057.11

109292805.9 ave beast fast-sync, 13446283.21


 80263733.2 ave csharp 1.0.2,  9672932.80 stddev
 82209124.2 ave csharp 0.1.0, 11993919.24
 
todo: test with beast stackless coroutines 



 
 
 21990949
 
beast-async is +58.7% 
* using kestrel 1.1.3,  Microsoft.AspNetCore.WebSockets Version="1.0.2"
* todo: "Microsoft.AspNetCore.WebSockets.Server" Version="0.1.0"

  82209124.24, stddev 11993919.24


 

107721741 bytes/s in 0.013ms and 1407600 bytes
143628256 bytes/s in 0.009ms and 1407600 bytes
125457899 bytes/s in 0.011ms and 1407600 bytes
138004058 bytes/s in 0.01ms and 1407600 bytes
142481172 bytes/s in 0.009ms and 1407600 bytes
134582656 bytes/s in 0.01ms and 1407600 bytes
120545692 bytes/s in 0.011ms and 1407600 bytes
140195014 bytes/s in 0.01ms and 1407600 bytes
134027784 bytes/s in 0.01ms and 1407600 bytes
124270541 bytes/s in 0.011ms and 1407600 bytes
114426000 bytes/s in 0.012ms and 1407600 bytes
106192286 bytes/s in 0.013ms and 1407600 bytes
135184971 bytes/s in 0.01ms and 1407600 bytes
134468231 bytes/s in 0.01ms and 1407600 bytes
102353043 bytes/s in 0.013ms and 1407600 bytes
123654827 bytes/s in 0.011ms and 1407600 bytes
145158296 bytes/s in 0.009ms and 1407600 bytes
128112712 bytes/s in 0.01ms and 1407600 bytes
145153805 bytes/s in 0.009ms and 1407600 bytes
123630934 bytes/s in 0.011ms and 1407600 bytes
131337824 bytes/s in 0.01ms and 1407600 bytes
142134440 bytes/s in 0.009ms and 1407600 bytes
97302677 bytes/s in 0.014ms and 1407600 bytes
138125938 bytes/s in 0.01ms and 1407600 bytes
123733089 bytes/s in 0.011ms and 1407600 bytes
143811683 bytes/s in 0.009ms and 1407600 bytes
139056557 bytes/s in 0.01ms and 1407600 bytes
90852761 bytes/s in 0.015ms and 1407600 bytes
102686811 bytes/s in 0.013ms and 1407600 bytes
102247468 bytes/s in 0.013ms and 1407600 bytes
99198714 bytes/s in 0.014ms and 1407600 bytes
110393073 bytes/s in 0.012ms and 1407600 bytes
119516026 bytes/s in 0.011ms and 1407600 bytes
129726740 bytes/s in 0.01ms and 1407600 bytes
122825081 bytes/s in 0.011ms and 1407600 bytes
149757426 bytes/s in 0.009ms and 1407600 bytes
120722482 bytes/s in 0.011ms and 1407600 bytes
145485364 bytes/s in 0.009ms and 1407600 bytes
115218387 bytes/s in 0.012ms and 1407600 bytes
153854561 bytes/s in 0.009ms and 1407600 bytes
136134161 bytes/s in 0.01ms and 1407600 bytes
155714854 bytes/s in 0.009ms and 1407600 bytes
143913136 bytes/s in 0.009ms and 1407600 bytes
98810844 bytes/s in 0.014ms and 1407600 bytes
146972528 bytes/s in 0.009ms and 1407600 bytes
138092061 bytes/s in 0.01ms and 1407600 bytes
139367716 bytes/s in 0.01ms and 1407600 bytes
125721226 bytes/s in 0.011ms and 1407600 bytes
123430375 bytes/s in 0.011ms and 1407600 bytes
100015631 bytes/s in 0.014ms and 1407600 bytes
101677285 bytes/s in 0.013ms and 1407600 bytes
155899389 bytes/s in 0.009ms and 1407600 bytes
140615166 bytes/s in 0.01ms and 1407600 bytes
123120522 bytes/s in 0.011ms and 1407600 bytes
138679802 bytes/s in 0.01ms and 1407600 bytes
143866068 bytes/s in 0.009ms and 1407600 bytes
121594305 bytes/s in 0.011ms and 1407600 bytes
130805687 bytes/s in 0.01ms and 1407600 bytes
100252839 bytes/s in 0.014ms and 1407600 bytes
137251842 bytes/s in 0.01ms and 1407600 bytes
99352051 bytes/s in 0.014ms and 1407600 bytes
117643125 bytes/s in 0.011ms and 1407600 bytes
124541022 bytes/s in 0.011ms and 1407600 bytes
106356774 bytes/s in 0.013ms and 1407600 bytes
118189375 bytes/s in 0.011ms and 1407600 bytes
108954114 bytes/s in 0.012ms and 1407600 bytes
115243857 bytes/s in 0.012ms and 1407600 bytes
117758275 bytes/s in 0.011ms and 1407600 bytes
106901187 bytes/s in 0.013ms and 1407600 bytes
120906022 bytes/s in 0.011ms and 1407600 bytes
122921615 bytes/s in 0.011ms and 1407600 bytes
117171111 bytes/s in 0.012ms and 1407600 bytes
125874125 bytes/s in 0.011ms and 1407600 bytes
112954997 bytes/s in 0.012ms and 1407600 bytes
104224976 bytes/s in 0.013ms and 1407600 bytes
109087527 bytes/s in 0.012ms and 1407600 bytes
140034620 bytes/s in 0.01ms and 1407600 bytes
116078276 bytes/s in 0.012ms and 1407600 bytes
118553705 bytes/s in 0.011ms and 1407600 bytes
122122834 bytes/s in 0.011ms and 1407600 bytes
139873203 bytes/s in 0.01ms and 1407600 bytes
104838229 bytes/s in 0.013ms and 1407600 bytes
135004747 bytes/s in 0.01ms and 1407600 bytes
118480859 bytes/s in 0.011ms and 1407600 bytes
139696906 bytes/s in 0.01ms and 1407600 bytes
116063919 bytes/s in 0.012ms and 1407600 bytes
149304708 bytes/s in 0.009ms and 1407600 bytes
140146159 bytes/s in 0.01ms and 1407600 bytes
128890476 bytes/s in 0.01ms and 1407600 bytes
140568826 bytes/s in 0.01ms and 1407600 bytes
134492642 bytes/s in 0.01ms and 1407600 bytes
134327076 bytes/s in 0.01ms and 1407600 bytes
102377610 bytes/s in 0.013ms and 1407600 bytes
88210964 bytes/s in 0.015ms and 1407600 bytes
122137669 bytes/s in 0.011ms and 1407600 bytes
103088404 bytes/s in 0.013ms and 1407600 bytes
109258569 bytes/s in 0.012ms and 1407600 bytes
97328917 bytes/s in 0.014ms and 1407600 bytes
122835800 bytes/s in 0.011ms and 1407600 bytes
146451089 bytes/s in 0.009ms and 1407600 bytes
144499650 bytes/s in 0.009ms and 1407600 bytes
133661250 bytes/s in 0.01ms and 1407600 bytes
109718454 bytes/s in 0.012ms and 1407600 bytes
151600986 bytes/s in 0.009ms and 1407600 bytes
154472526 bytes/s in 0.009ms and 1407600 bytes
104413619 bytes/s in 0.013ms and 1407600 bytes
148179339 bytes/s in 0.009ms and 1407600 bytes
150374975 bytes/s in 0.009ms and 1407600 bytes
147788837 bytes/s in 0.009ms and 1407600 bytes
134436124 bytes/s in 0.01ms and 1407600 bytes
109232285 bytes/s in 0.012ms and 1407600 bytes
144082543 bytes/s in 0.009ms and 1407600 bytes
112454162 bytes/s in 0.012ms and 1407600 bytes
115898592 bytes/s in 0.012ms and 1407600 bytes
121198553 bytes/s in 0.011ms and 1407600 bytes
116281567 bytes/s in 0.012ms and 1407600 bytes
120425029 bytes/s in 0.011ms and 1407600 bytes
101949025 bytes/s in 0.013ms and 1407600 bytes
103389008 bytes/s in 0.013ms and 1407600 bytes
100886592 bytes/s in 0.013ms and 1407600 bytes
111897228 bytes/s in 0.012ms and 1407600 bytes
117149657 bytes/s in 0.012ms and 1407600 bytes
121118252 bytes/s in 0.011ms and 1407600 bytes
117381188 bytes/s in 0.011ms and 1407600 bytes
117582197 bytes/s in 0.011ms and 1407600 bytes
118404118 bytes/s in 0.011ms and 1407600 bytes
82818512 bytes/s in 0.016ms and 1407600 bytes
101845755 bytes/s in 0.013ms and 1407600 bytes
110209834 bytes/s in 0.012ms and 1407600 bytes
132161568 bytes/s in 0.01ms and 1407600 bytes
115409212 bytes/s in 0.012ms and 1407600 bytes
110423383 bytes/s in 0.012ms and 1407600 bytes
129395218 bytes/s in 0.01ms and 1407600 bytes
140504282 bytes/s in 0.01ms and 1407600 bytes
145660002 bytes/s in 0.009ms and 1407600 bytes
123623333 bytes/s in 0.011ms and 1407600 bytes
145694678 bytes/s in 0.009ms and 1407600 bytes
123528947 bytes/s in 0.011ms and 1407600 bytes
150328402 bytes/s in 0.009ms and 1407600 bytes
168043550 bytes/s in 0.008ms and 1407600 bytes
136036802 bytes/s in 0.01ms and 1407600 bytes
165378198 bytes/s in 0.008ms and 1407600 bytes
160635420 bytes/s in 0.008ms and 1407600 bytes
157527194 bytes/s in 0.008ms and 1407600 bytes
149936088 bytes/s in 0.009ms and 1407600 bytes
128871595 bytes/s in 0.01ms and 1407600 bytes
126345268 bytes/s in 0.011ms and 1407600 bytes
147646219 bytes/s in 0.009ms and 1407600 bytes
137494505 bytes/s in 0.01ms and 1407600 bytes
152973395 bytes/s in 0.009ms and 1407600 bytes
158109337 bytes/s in 0.008ms and 1407600 bytes
167511602 bytes/s in 0.008ms and 1407600 bytes
152171327 bytes/s in 0.009ms and 1407600 bytes
151829919 bytes/s in 0.009ms and 1407600 bytes
129435672 bytes/s in 0.01ms and 1407600 bytes
168381262 bytes/s in 0.008ms and 1407600 bytes
114373004 bytes/s in 0.012ms and 1407600 bytes
107741530 bytes/s in 0.013ms and 1407600 bytes
126021755 bytes/s in 0.011ms and 1407600 bytes
126409943 bytes/s in 0.011ms and 1407600 bytes
111268329 bytes/s in 0.012ms and 1407600 bytes
114439954 bytes/s in 0.012ms and 1407600 bytes
105030667 bytes/s in 0.013ms and 1407600 bytes
123262839 bytes/s in 0.011ms and 1407600 bytes
147035474 bytes/s in 0.009ms and 1407600 bytes
146554775 bytes/s in 0.009ms and 1407600 bytes
134236124 bytes/s in 0.01ms and 1407600 bytes
124137931 bytes/s in 0.011ms and 1407600 bytes
121919742 bytes/s in 0.011ms and 1407600 bytes
143324067 bytes/s in 0.009ms and 1407600 bytes
124820430 bytes/s in 0.011ms and 1407600 bytes
142739801 bytes/s in 0.009ms and 1407600 bytes
144452198 bytes/s in 0.009ms and 1407600 bytes
161560975 bytes/s in 0.008ms and 1407600 bytes
120187504 bytes/s in 0.011ms and 1407600 bytes
126047711 bytes/s in 0.011ms and 1407600 bytes
120502349 bytes/s in 0.011ms and 1407600 bytes
128203726 bytes/s in 0.01ms and 1407600 bytes
121891236 bytes/s in 0.011ms and 1407600 bytes
137970241 bytes/s in 0.01ms and 1407600 bytes
137231771 bytes/s in 0.01ms and 1407600 bytes
154462355 bytes/s in 0.009ms and 1407600 bytes
139453322 bytes/s in 0.01ms and 1407600 bytes
159243379 bytes/s in 0.008ms and 1407600 bytes
126505374 bytes/s in 0.011ms and 1407600 bytes
135140843 bytes/s in 0.01ms and 1407600 bytes
164031090 bytes/s in 0.008ms and 1407600 bytes
138079869 bytes/s in 0.01ms and 1407600 bytes
162813024 bytes/s in 0.008ms and 1407600 bytes
158788890 bytes/s in 0.008ms and 1407600 bytes
151356466 bytes/s in 0.009ms and 1407600 bytes
114571293 bytes/s in 0.012ms and 1407600 bytes
111858992 bytes/s in 0.012ms and 1407600 bytes
151472107 bytes/s in 0.009ms and 1407600 bytes
140613761 bytes/s in 0.01ms and 1407600 bytes
127163661 bytes/s in 0.011ms and 1407600 bytes
120971484 bytes/s in 0.011ms and 1407600 bytes
133848084 bytes/s in 0.01ms and 1407600 bytes
124712053 bytes/s in 0.011ms and 1407600 bytes
121680497 bytes/s in 0.011ms and 1407600 bytes
123587514 bytes/s in 0.011ms and 1407600 bytes
98137780 bytes/s in 0.014ms and 1407600 bytes
150240153 bytes/s in 0.009ms and 1407600 bytes
143751468 bytes/s in 0.009ms and 1407600 bytes
127785897 bytes/s in 0.011ms and 1407600 bytes
145524471 bytes/s in 0.009ms and 1407600 bytes
135439919 bytes/s in 0.01ms and 1407600 bytes
131790348 bytes/s in 0.01ms and 1407600 bytes
129187393 bytes/s in 0.01ms and 1407600 bytes
136558107 bytes/s in 0.01ms and 1407600 bytes
159765731 bytes/s in 0.008ms and 1407600 bytes
109474404 bytes/s in 0.012ms and 1407600 bytes
167425927 bytes/s in 0.008ms and 1407600 bytes
138580134 bytes/s in 0.01ms and 1407600 bytes
132362897 bytes/s in 0.01ms and 1407600 bytes
146171260 bytes/s in 0.009ms and 1407600 bytes
153441979 bytes/s in 0.009ms and 1407600 bytes
158112889 bytes/s in 0.008ms and 1407600 bytes
130104445 bytes/s in 0.01ms and 1407600 bytes
122318100 bytes/s in 0.011ms and 1407600 bytes
128537380 bytes/s in 0.01ms and 1407600 bytes
125986789 bytes/s in 0.011ms and 1407600 bytes
117385104 bytes/s in 0.011ms and 1407600 bytes
96858098 bytes/s in 0.014ms and 1407600 bytes
109079073 bytes/s in 0.012ms and 1407600 bytes
109879472 bytes/s in 0.012ms and 1407600 bytes
114479976 bytes/s in 0.012ms and 1407600 bytes
119940694 bytes/s in 0.011ms and 1407600 bytes
117358679 bytes/s in 0.011ms and 1407600 bytes
96647281 bytes/s in 0.014ms and 1407600 bytes
115811818 bytes/s in 0.012ms and 1407600 bytes
118581670 bytes/s in 0.011ms and 1407600 bytes
99811382 bytes/s in 0.014ms and 1407600 bytes
129391649 bytes/s in 0.01ms and 1407600 bytes
135432101 bytes/s in 0.01ms and 1407600 bytes
127412288 bytes/s in 0.011ms and 1407600 bytes
131662145 bytes/s in 0.01ms and 1407600 bytes
157324719 bytes/s in 0.008ms and 1407600 bytes
115294830 bytes/s in 0.012ms and 1407600 bytes
126040939 bytes/s in 0.011ms and 1407600 bytes
135933018 bytes/s in 0.01ms and 1407600 bytes
148026627 bytes/s in 0.009ms and 1407600 bytes
144344063 bytes/s in 0.009ms and 1407600 bytes
151345074 bytes/s in 0.009ms and 1407600 bytes
122533188 bytes/s in 0.011ms and 1407600 bytes
155369383 bytes/s in 0.009ms and 1407600 bytes
110780563 bytes/s in 0.012ms and 1407600 bytes
163824908 bytes/s in 0.008ms and 1407600 bytes
160078242 bytes/s in 0.008ms and 1407600 bytes
163469131 bytes/s in 0.008ms and 1407600 bytes
164423885 bytes/s in 0.008ms and 1407600 bytes
165843888 bytes/s in 0.008ms and 1407600 bytes
145497395 bytes/s in 0.009ms and 1407600 bytes
127720966 bytes/s in 0.011ms and 1407600 bytes
131197047 bytes/s in 0.01ms and 1407600 bytes
139999801 bytes/s in 0.01ms and 1407600 bytes
126681846 bytes/s in 0.011ms and 1407600 bytes
135261615 bytes/s in 0.01ms and 1407600 bytes
110575185 bytes/s in 0.012ms and 1407600 bytes
128075411 bytes/s in 0.01ms and 1407600 bytes
128613720 bytes/s in 0.01ms and 1407600 bytes
138157119 bytes/s in 0.01ms and 1407600 bytes
123908450 bytes/s in 0.011ms and 1407600 bytes
131476448 bytes/s in 0.01ms and 1407600 bytes
141295509 bytes/s in 0.009ms and 1407600 bytes
108389481 bytes/s in 0.012ms and 1407600 bytes
121981021 bytes/s in 0.011ms and 1407600 bytes
137274597 bytes/s in 0.01ms and 1407600 bytes
101589959 bytes/s in 0.013ms and 1407600 bytes
120873836 bytes/s in 0.011ms and 1407600 bytes
109836602 bytes/s in 0.012ms and 1407600 bytes
136823585 bytes/s in 0.01ms and 1407600 bytes
158686853 bytes/s in 0.008ms and 1407600 bytes
134055866 bytes/s in 0.01ms and 1407600 bytes
125181199 bytes/s in 0.011ms and 1407600 bytes
128325280 bytes/s in 0.01ms and 1407600 bytes
118839967 bytes/s in 0.011ms and 1407600 bytes
136754461 bytes/s in 0.01ms and 1407600 bytes
100749393 bytes/s in 0.013ms and 1407600 bytes
156108597 bytes/s in 0.009ms and 1407600 bytes
116713514 bytes/s in 0.012ms and 1407600 bytes
114896743 bytes/s in 0.012ms and 1407600 bytes
124170783 bytes/s in 0.011ms and 1407600 bytes
127981088 bytes/s in 0.01ms and 1407600 bytes
109852032 bytes/s in 0.012ms and 1407600 bytes
123838682 bytes/s in 0.011ms and 1407600 bytes
119914127 bytes/s in 0.011ms and 1407600 bytes
111889223 bytes/s in 0.012ms and 1407600 bytes
104626271 bytes/s in 0.013ms and 1407600 bytes
111813675 bytes/s in 0.012ms and 1407600 bytes
111261293 bytes/s in 0.012ms and 1407600 bytes
100478263 bytes/s in 0.014ms and 1407600 bytes
108943995 bytes/s in 0.012ms and 1407600 bytes
117466410 bytes/s in 0.011ms and 1407600 bytes
87385150 bytes/s in 0.016ms and 1407600 bytes
124797191 bytes/s in 0.011ms and 1407600 bytes
128282008 bytes/s in 0.01ms and 1407600 bytes
129545266 bytes/s in 0.01ms and 1407600 bytes
162203272 bytes/s in 0.008ms and 1407600 bytes
142864392 bytes/s in 0.009ms and 1407600 bytes
165259759 bytes/s in 0.008ms and 1407600 bytes
115863295 bytes/s in 0.012ms and 1407600 bytes
132032642 bytes/s in 0.01ms and 1407600 bytes
136919410 bytes/s in 0.01ms and 1407600 bytes
153340014 bytes/s in 0.009ms and 1407600 bytes
98665395 bytes/s in 0.014ms and 1407600 bytes
140864239 bytes/s in 0.009ms and 1407600 bytes
159910933 bytes/s in 0.008ms and 1407600 bytes
137707035 bytes/s in 0.01ms and 1407600 bytes
154238941 bytes/s in 0.009ms and 1407600 bytes
146027201 bytes/s in 0.009ms and 1407600 bytes
148304236 bytes/s in 0.009ms and 1407600 bytes
125708876 bytes/s in 0.011ms and 1407600 bytes
139946908 bytes/s in 0.01ms and 1407600 bytes
139880153 bytes/s in 0.01ms and 1407600 bytes
106370437 bytes/s in 0.013ms and 1407600 bytes
120178269 bytes/s in 0.011ms and 1407600 bytes
136640295 bytes/s in 0.01ms and 1407600 bytes
120720411 bytes/s in 0.011ms and 1407600 bytes
153159818 bytes/s in 0.009ms and 1407600 bytes
146475472 bytes/s in 0.009ms and 1407600 bytes
155585767 bytes/s in 0.009ms and 1407600 bytes
160881441 bytes/s in 0.008ms and 1407600 bytes
149029655 bytes/s in 0.009ms and 1407600 bytes
134835335 bytes/s in 0.01ms and 1407600 bytes
159200153 bytes/s in 0.008ms and 1407600 bytes
120825071 bytes/s in 0.011ms and 1407600 bytes
151361348 bytes/s in 0.009ms and 1407600 bytes
126564523 bytes/s in 0.011ms and 1407600 bytes
93677002 bytes/s in 0.015ms and 1407600 bytes
154294734 bytes/s in 0.009ms and 1407600 bytes
143816091 bytes/s in 0.009ms and 1407600 bytes
138349943 bytes/s in 0.01ms and 1407600 bytes
150442477 bytes/s in 0.009ms and 1407600 bytes
128915265 bytes/s in 0.01ms and 1407600 bytes
148296424 bytes/s in 0.009ms and 1407600 bytes
130486776 bytes/s in 0.01ms and 1407600 bytes
124139025 bytes/s in 0.011ms and 1407600 bytes
141403385 bytes/s in 0.009ms and 1407600 bytes
120725588 bytes/s in 0.011ms and 1407600 bytes
161607347 bytes/s in 0.008ms and 1407600 bytes
152084188 bytes/s in 0.009ms and 1407600 bytes
127087885 bytes/s in 0.011ms and 1407600 bytes
118586665 bytes/s in 0.011ms and 1407600 bytes
116061048 bytes/s in 0.012ms and 1407600 bytes
122148268 bytes/s in 0.011ms and 1407600 bytes
124123700 bytes/s in 0.011ms and 1407600 bytes
118582669 bytes/s in 0.011ms and 1407600 bytes
117378252 bytes/s in 0.011ms and 1407600 bytes
112754129 bytes/s in 0.012ms and 1407600 bytes
123104371 bytes/s in 0.011ms and 1407600 bytes
135330538 bytes/s in 0.01ms and 1407600 bytes
115982630 bytes/s in 0.012ms and 1407600 bytes
106351149 bytes/s in 0.013ms and 1407600 bytes
79270593 bytes/s in 0.017ms and 1407600 bytes
125385259 bytes/s in 0.011ms and 1407600 bytes
111176052 bytes/s in 0.012ms and 1407600 bytes
114623540 bytes/s in 0.012ms and 1407600 bytes
107970453 bytes/s in 0.013ms and 1407600 bytes
105768580 bytes/s in 0.013ms and 1407600 bytes
134076296 bytes/s in 0.01ms and 1407600 bytes
137003367 bytes/s in 0.01ms and 1407600 bytes
146238078 bytes/s in 0.009ms and 1407600 bytes
115184445 bytes/s in 0.012ms and 1407600 bytes
125660619 bytes/s in 0.011ms and 1407600 bytes
117743500 bytes/s in 0.011ms and 1407600 bytes
127155620 bytes/s in 0.011ms and 1407600 bytes
146466328 bytes/s in 0.009ms and 1407600 bytes
145224191 bytes/s in 0.009ms and 1407600 bytes
125792008 bytes/s in 0.011ms and 1407600 bytes
160056399 bytes/s in 0.008ms and 1407600 bytes
119536325 bytes/s in 0.011ms and 1407600 bytes
160193014 bytes/s in 0.008ms and 1407600 bytes
148457522 bytes/s in 0.009ms and 1407600 bytes
154220352 bytes/s in 0.009ms and 1407600 bytes
134876679 bytes/s in 0.01ms and 1407600 bytes
168718311 bytes/s in 0.008ms and 1407600 bytes
112125412 bytes/s in 0.012ms and 1407600 bytes
156900337 bytes/s in 0.008ms and 1407600 bytes
132228610 bytes/s in 0.01ms and 1407600 bytes
108853848 bytes/s in 0.012ms and 1407600 bytes
151632015 bytes/s in 0.009ms and 1407600 bytes
127331608 bytes/s in 0.011ms and 1407600 bytes
146637219 bytes/s in 0.009ms and 1407600 bytes
138944001 bytes/s in 0.01ms and 1407600 bytes
113068414 bytes/s in 0.012ms and 1407600 bytes
145581664 bytes/s in 0.009ms and 1407600 bytes
130044345 bytes/s in 0.01ms and 1407600 bytes
139837075 bytes/s in 0.01ms and 1407600 bytes
143913136 bytes/s in 0.009ms and 1407600 bytes
122732979 bytes/s in 0.011ms and 1407600 bytes
126742301 bytes/s in 0.011ms and 1407600 bytes
150953918 bytes/s in 0.009ms and 1407600 bytes
145887961 bytes/s in 0.009ms and 1407600 bytes
124530004 bytes/s in 0.011ms and 1407600 bytes
150680825 bytes/s in 0.009ms and 1407600 bytes
157969160 bytes/s in 0.008ms and 1407600 bytes
156598357 bytes/s in 0.008ms and 1407600 bytes
126462185 bytes/s in 0.011ms and 1407600 bytes
133175646 bytes/s in 0.01ms and 1407600 bytes
140218755 bytes/s in 0.01ms and 1407600 bytes
103197237 bytes/s in 0.013ms and 1407600 bytes
157467278 bytes/s in 0.008ms and 1407600 bytes
120913292 bytes/s in 0.011ms and 1407600 bytes
164564213 bytes/s in 0.008ms and 1407600 bytes
145120882 bytes/s in 0.009ms and 1407600 bytes
114549849 bytes/s in 0.012ms and 1407600 bytes
130268199 bytes/s in 0.01ms and 1407600 bytes
150860082 bytes/s in 0.009ms and 1407600 bytes
95022074 bytes/s in 0.014ms and 1407600 bytes
146189477 bytes/s in 0.009ms and 1407600 bytes
80020010 bytes/s in 0.017ms and 1407600 bytes
94365300 bytes/s in 0.014ms and 1407600 bytes
95587985 bytes/s in 0.014ms and 1407600 bytes
111817228 bytes/s in 0.012ms and 1407600 bytes
119148792 bytes/s in 0.011ms and 1407600 bytes
117910185 bytes/s in 0.011ms and 1407600 bytes
129533344 bytes/s in 0.01ms and 1407600 bytes
122138729 bytes/s in 0.011ms and 1407600 bytes
104749289 bytes/s in 0.013ms and 1407600 bytes
103379896 bytes/s in 0.013ms and 1407600 bytes
72756594 bytes/s in 0.019ms and 1407600 bytes
98331796 bytes/s in 0.014ms and 1407600 bytes
98976205 bytes/s in 0.014ms and 1407600 bytes
69479888 bytes/s in 0.02ms and 1407600 bytes
68593482 bytes/s in 0.02ms and 1407600 bytes
70859720 bytes/s in 0.019ms and 1407600 bytes
77403177 bytes/s in 0.018ms and 1407600 bytes
96484313 bytes/s in 0.014ms and 1407600 bytes
71577491 bytes/s in 0.019ms and 1407600 bytes
105027532 bytes/s in 0.013ms and 1407600 bytes
115680473 bytes/s in 0.012ms and 1407600 bytes
76993764 bytes/s in 0.018ms and 1407600 bytes
87191367 bytes/s in 0.016ms and 1407600 bytes
89247898 bytes/s in 0.015ms and 1407600 bytes
72084067 bytes/s in 0.019ms and 1407600 bytes
90132547 bytes/s in 0.015ms and 1407600 bytes
94464726 bytes/s in 0.014ms and 1407600 bytes
92445915 bytes/s in 0.015ms and 1407600 bytes
97427946 bytes/s in 0.014ms and 1407600 bytes
81922942 bytes/s in 0.017ms and 1407600 bytes
85152719 bytes/s in 0.016ms and 1407600 bytes
98848314 bytes/s in 0.014ms and 1407600 bytes
99873703 bytes/s in 0.014ms and 1407600 bytes
64848727 bytes/s in 0.021ms and 1407600 bytes
86294416 bytes/s in 0.016ms and 1407600 bytes
147554903 bytes/s in 0.009ms and 1407600 bytes
100002841 bytes/s in 0.014ms and 1407600 bytes
93744380 bytes/s in 0.015ms and 1407600 bytes
75204359 bytes/s in 0.018ms and 1407600 bytes
93518918 bytes/s in 0.015ms and 1407600 bytes
71564026 bytes/s in 0.019ms and 1407600 bytes
137983766 bytes/s in 0.01ms and 1407600 bytes
111376620 bytes/s in 0.012ms and 1407600 bytes
75640818 bytes/s in 0.018ms and 1407600 bytes
99068854 bytes/s in 0.014ms and 1407600 bytes
141928067 bytes/s in 0.009ms and 1407600 bytes
127461899 bytes/s in 0.011ms and 1407600 bytes
78456290 bytes/s in 0.017ms and 1407600 bytes
100108813 bytes/s in 0.014ms and 1407600 bytes
61511569 bytes/s in 0.022ms and 1407600 bytes
99592460 bytes/s in 0.014ms and 1407600 bytes
93779356 bytes/s in 0.015ms and 1407600 bytes
62414366 bytes/s in 0.022ms and 1407600 bytes
67838106 bytes/s in 0.02ms and 1407600 bytes
67493634 bytes/s in 0.02ms and 1407600 bytes
76548674 bytes/s in 0.018ms and 1407600 bytes
82767379 bytes/s in 0.017ms and 1407600 bytes
58025978 bytes/s in 0.024ms and 1407600 bytes
70372610 bytes/s in 0.02ms and 1407600 bytes
101961579 bytes/s in 0.013ms and 1407600 bytes
120532273 bytes/s in 0.011ms and 1407600 bytes
82206661 bytes/s in 0.017ms and 1407600 bytes
80348427 bytes/s in 0.017ms and 1407600 bytes
74476190 bytes/s in 0.018ms and 1407600 bytes
86592230 bytes/s in 0.016ms and 1407600 bytes
97207930 bytes/s in 0.014ms and 1407600 bytes
79083983 bytes/s in 0.017ms and 1407600 bytes
89241108 bytes/s in 0.015ms and 1407600 bytes
85555906 bytes/s in 0.016ms and 1407600 bytes
77138065 bytes/s in 0.018ms and 1407600 bytes
91301809 bytes/s in 0.015ms and 1407600 bytes
101334715 bytes/s in 0.013ms and 1407600 bytes
112036167 bytes/s in 0.012ms and 1407600 bytes
78868630 bytes/s in 0.017ms and 1407600 bytes
98091275 bytes/s in 0.014ms and 1407600 bytes
65802760 bytes/s in 0.021ms and 1407600 bytes
104492680 bytes/s in 0.013ms and 1407600 bytes
109482067 bytes/s in 0.012ms and 1407600 bytes
107459404 bytes/s in 0.013ms and 1407600 bytes
131646137 bytes/s in 0.01ms and 1407600 bytes
71710589 bytes/s in 0.019ms and 1407600 bytes
74938509 bytes/s in 0.018ms and 1407600 bytes
69000676 bytes/s in 0.02ms and 1407600 bytes
80607476 bytes/s in 0.017ms and 1407600 bytes
90699967 bytes/s in 0.015ms and 1407600 bytes
72542491 bytes/s in 0.019ms and 1407600 bytes
88814295 bytes/s in 0.015ms and 1407600 bytes
89484491 bytes/s in 0.015ms and 1407600 bytes
70816584 bytes/s in 0.019ms and 1407600 bytes
69653513 bytes/s in 0.02ms and 1407600 bytes
67437693 bytes/s in 0.02ms and 1407600 bytes
101066961 bytes/s in 0.013ms and 1407600 bytes
142576423 bytes/s in 0.009ms and 1407600 bytes
151921686 bytes/s in 0.009ms and 1407600 bytes
168576869 bytes/s in 0.008ms and 1407600 bytes
153244858 bytes/s in 0.009ms and 1407600 bytes
148473181 bytes/s in 0.009ms and 1407600 bytes
136886122 bytes/s in 0.01ms and 1407600 bytes
120448730 bytes/s in 0.011ms and 1407600 bytes
124855860 bytes/s in 0.011ms and 1407600 bytes
128757249 bytes/s in 0.01ms and 1407600 bytes
134967207 bytes/s in 0.01ms and 1407600 bytes
118505796 bytes/s in 0.011ms and 1407600 bytes
100838168 bytes/s in 0.013ms and 1407600 bytes
114989665 bytes/s in 0.012ms and 1407600 bytes
96776854 bytes/s in 0.014ms and 1407600 bytes
122081526 bytes/s in 0.011ms and 1407600 bytes
128097556 bytes/s in 0.01ms and 1407600 bytes
119965227 bytes/s in 0.011ms and 1407600 bytes
98084440 bytes/s in 0.014ms and 1407600 bytes
108198687 bytes/s in 0.013ms and 1407600 bytes
111349307 bytes/s in 0.012ms and 1407600 bytes
107402009 bytes/s in 0.013ms and 1407600 bytes
103095199 bytes/s in 0.013ms and 1407600 bytes
105745537 bytes/s in 0.013ms and 1407600 bytes
138790561 bytes/s in 0.01ms and 1407600 bytes
138023003 bytes/s in 0.01ms and 1407600 bytes
140365572 bytes/s in 0.01ms and 1407600 bytes
157769085 bytes/s in 0.008ms and 1407600 bytes
140448204 bytes/s in 0.01ms and 1407600 bytes
111817228 bytes/s in 0.012ms and 1407600 bytes
147429720 bytes/s in 0.009ms and 1407600 bytes
144369230 bytes/s in 0.009ms and 1407600 bytes
165757957 bytes/s in 0.008ms and 1407600 bytes
157068413 bytes/s in 0.008ms and 1407600 bytes
145715794 bytes/s in 0.009ms and 1407600 bytes
138385308 bytes/s in 0.01ms and 1407600 bytes
122894785 bytes/s in 0.011ms and 1407600 bytes
138520129 bytes/s in 0.01ms and 1407600 bytes
134536348 bytes/s in 0.01ms and 1407600 bytes
116699000 bytes/s in 0.012ms and 1407600 bytes
139300134 bytes/s in 0.01ms and 1407600 bytes
137490476 bytes/s in 0.01ms and 1407600 bytes
129780564 bytes/s in 0.01ms and 1407600 bytes
144695723 bytes/s in 0.009ms and 1407600 bytes
123666777 bytes/s in 0.011ms and 1407600 bytes
155263128 bytes/s in 0.009ms and 1407600 bytes
162345451 bytes/s in 0.008ms and 1407600 bytes
165182186 bytes/s in 0.008ms and 1407600 bytes
155520445 bytes/s in 0.009ms and 1407600 bytes
128168706 bytes/s in 0.01ms and 1407600 bytes
123118368 bytes/s in 0.011ms and 1407600 bytes
148476314 bytes/s in 0.009ms and 1407600 bytes
136954047 bytes/s in 0.01ms and 1407600 bytes
146250233 bytes/s in 0.009ms and 1407600 bytes
148149707 bytes/s in 0.009ms and 1407600 bytes
153992582 bytes/s in 0.009ms and 1407600 bytes
102682316 bytes/s in 0.013ms and 1407600 bytes
115266506 bytes/s in 0.012ms and 1407600 bytes
139741286 bytes/s in 0.01ms and 1407600 bytes
125278128 bytes/s in 0.011ms and 1407600 bytes
128790235 bytes/s in 0.01ms and 1407600 bytes
135721999 bytes/s in 0.01ms and 1407600 bytes
142666018 bytes/s in 0.009ms and 1407600 bytes
165967080 bytes/s in 0.008ms and 1407600 bytes
128238766 bytes/s in 0.01ms and 1407600 bytes
162195796 bytes/s in 0.008ms and 1407600 bytes
113776714 bytes/s in 0.012ms and 1407600 bytes
128551467 bytes/s in 0.01ms and 1407600 bytes
117063921 bytes/s in 0.012ms and 1407600 bytes
125143360 bytes/s in 0.011ms and 1407600 bytes
115203299 bytes/s in 0.012ms and 1407600 bytes
117646075 bytes/s in 0.011ms and 1407600 bytes
116718353 bytes/s in 0.012ms and 1407600 bytes
120637641 bytes/s in 0.011ms and 1407600 bytes
118620643 bytes/s in 0.011ms and 1407600 bytes
124942304 bytes/s in 0.011ms and 1407600 bytes
107701136 bytes/s in 0.013ms and 1407600 bytes
121273736 bytes/s in 0.011ms and 1407600 bytes
119153835 bytes/s in 0.011ms and 1407600 bytes
168496151 bytes/s in 0.008ms and 1407600 bytes
137162234 bytes/s in 0.01ms and 1407600 bytes
101759611 bytes/s in 0.013ms and 1407600 bytes
168770907 bytes/s in 0.008ms and 1407600 bytes
159072416 bytes/s in 0.008ms and 1407600 bytes
137985119 bytes/s in 0.01ms and 1407600 bytes
104546231 bytes/s in 0.013ms and 1407600 bytes
107513576 bytes/s in 0.013ms and 1407600 bytes
127228027 bytes/s in 0.011ms and 1407600 bytes
96714350 bytes/s in 0.014ms and 1407600 bytes
131754574 bytes/s in 0.01ms and 1407600 bytes
108214491 bytes/s in 0.013ms and 1407600 bytes
114741269 bytes/s in 0.012ms and 1407600 bytes
117549793 bytes/s in 0.011ms and 1407600 bytes
128809092 bytes/s in 0.01ms and 1407600 bytes
118460916 bytes/s in 0.011ms and 1407600 bytes
112152213 bytes/s in 0.012ms and 1407600 bytes
115047936 bytes/s in 0.012ms and 1407600 bytes
125671839 bytes/s in 0.011ms and 1407600 bytes
112314186 bytes/s in 0.012ms and 1407600 bytes
114522821 bytes/s in 0.012ms and 1407600 bytes
102746775 bytes/s in 0.013ms and 1407600 bytes
132702315 bytes/s in 0.01ms and 1407600 bytes
132054938 bytes/s in 0.01ms and 1407600 bytes
153852880 bytes/s in 0.009ms and 1407600 bytes
153861288 bytes/s in 0.009ms and 1407600 bytes
120818848 bytes/s in 0.011ms and 1407600 bytes
150235343 bytes/s in 0.009ms and 1407600 bytes
150374975 bytes/s in 0.009ms and 1407600 bytes
152066115 bytes/s in 0.009ms and 1407600 bytes
151856127 bytes/s in 0.009ms and 1407600 bytes
167388098 bytes/s in 0.008ms and 1407600 bytes
167815160 bytes/s in 0.008ms and 1407600 bytes
162531031 bytes/s in 0.008ms and 1407600 bytes
122394678 bytes/s in 0.011ms and 1407600 bytes
146353635 bytes/s in 0.009ms and 1407600 bytes
106690517 bytes/s in 0.013ms and 1407600 bytes
130778950 bytes/s in 0.01ms and 1407600 bytes
148686476 bytes/s in 0.009ms and 1407600 bytes
126728608 bytes/s in 0.011ms and 1407600 bytes
106749582 bytes/s in 0.013ms and 1407600 bytes
144560495 bytes/s in 0.009ms and 1407600 bytes
119712200 bytes/s in 0.011ms and 1407600 bytes
112066494 bytes/s in 0.012ms and 1407600 bytes
118443971 bytes/s in 0.011ms and 1407600 bytes
154496262 bytes/s in 0.009ms and 1407600 bytes
159054441 bytes/s in 0.008ms and 1407600 bytes
129219414 bytes/s in 0.01ms and 1407600 bytes
153539055 bytes/s in 0.009ms and 1407600 bytes
112384130 bytes/s in 0.012ms and 1407600 bytes
129614453 bytes/s in 0.01ms and 1407600 bytes
151215005 bytes/s in 0.009ms and 1407600 bytes
133450894 bytes/s in 0.01ms and 1407600 bytes
141406226 bytes/s in 0.009ms and 1407600 bytes
153116501 bytes/s in 0.009ms and 1407600 bytes
125083308 bytes/s in 0.011ms and 1407600 bytes
119038960 bytes/s in 0.011ms and 1407600 bytes
151490039 bytes/s in 0.009ms and 1407600 bytes
175044146 bytes/s in 0.008ms and 1407600 bytes
161460902 bytes/s in 0.008ms and 1407600 bytes
126047711 bytes/s in 0.011ms and 1407600 bytes
169559718 bytes/s in 0.008ms and 1407600 bytes
120461100 bytes/s in 0.011ms and 1407600 bytes
129298941 bytes/s in 0.01ms and 1407600 bytes
102791044 bytes/s in 0.013ms and 1407600 bytes
120890446 bytes/s in 0.011ms and 1407600 bytes
146810041 bytes/s in 0.009ms and 1407600 bytes
159360565 bytes/s in 0.008ms and 1407600 bytes
158452844 bytes/s in 0.008ms and 1407600 bytes
133125265 bytes/s in 0.01ms and 1407600 bytes
143873420 bytes/s in 0.009ms and 1407600 bytes
130013115 bytes/s in 0.01ms and 1407600 bytes
110505738 bytes/s in 0.012ms and 1407600 bytes
96651263 bytes/s in 0.014ms and 1407600 bytes
119441993 bytes/s in 0.011ms and 1407600 bytes
120894599 bytes/s in 0.011ms and 1407600 bytes
119534295 bytes/s in 0.011ms and 1407600 bytes
110649068 bytes/s in 0.012ms and 1407600 bytes
105798789 bytes/s in 0.013ms and 1407600 bytes
132986914 bytes/s in 0.01ms and 1407600 bytes
138901497 bytes/s in 0.01ms and 1407600 bytes
113087490 bytes/s in 0.012ms and 1407600 bytes
150700184 bytes/s in 0.009ms and 1407600 bytes
134947798 bytes/s in 0.01ms and 1407600 bytes
147547169 bytes/s in 0.009ms and 1407600 bytes
150926402 bytes/s in 0.009ms and 1407600 bytes
114557307 bytes/s in 0.012ms and 1407600 bytes
115349630 bytes/s in 0.012ms and 1407600 bytes
117605775 bytes/s in 0.011ms and 1407600 bytes
120662460 bytes/s in 0.011ms and 1407600 bytes
114580619 bytes/s in 0.012ms and 1407600 bytes
127312030 bytes/s in 0.011ms and 1407600 bytes
125351761 bytes/s in 0.011ms and 1407600 bytes
112435299 bytes/s in 0.012ms and 1407600 bytes
126302188 bytes/s in 0.011ms and 1407600 bytes
116985115 bytes/s in 0.012ms and 1407600 bytes
118986635 bytes/s in 0.011ms and 1407600 bytes
116421984 bytes/s in 0.012ms and 1407600 bytes
109087527 bytes/s in 0.012ms and 1407600 bytes
101957886 bytes/s in 0.013ms and 1407600 bytes
110191716 bytes/s in 0.012ms and 1407600 bytes
142155971 bytes/s in 0.009ms and 1407600 bytes
150476251 bytes/s in 0.009ms and 1407600 bytes
140575845 bytes/s in 0.01ms and 1407600 bytes
152319529 bytes/s in 0.009ms and 1407600 bytes
107419221 bytes/s in 0.013ms and 1407600 bytes
144544166 bytes/s in 0.009ms and 1407600 bytes
121819503 bytes/s in 0.011ms and 1407600 bytes
134124843 bytes/s in 0.01ms and 1407600 bytes
133151711 bytes/s in 0.01ms and 1407600 bytes
137577824 bytes/s in 0.01ms and 1407600 bytes
142768756 bytes/s in 0.009ms and 1407600 bytes
104093947 bytes/s in 0.013ms and 1407600 bytes
108211163 bytes/s in 0.013ms and 1407600 bytes
136499839 bytes/s in 0.01ms and 1407600 bytes
115914817 bytes/s in 0.012ms and 1407600 bytes
120899791 bytes/s in 0.011ms and 1407600 bytes
120232675 bytes/s in 0.011ms and 1407600 bytes
120607665 bytes/s in 0.011ms and 1407600 bytes
149993606 bytes/s in 0.009ms and 1407600 bytes
121383544 bytes/s in 0.011ms and 1407600 bytes
141392022 bytes/s in 0.009ms and 1407600 bytes
144587223 bytes/s in 0.009ms and 1407600 bytes
125364042 bytes/s in 0.011ms and 1407600 bytes
150745373 bytes/s in 0.009ms and 1407600 bytes
144401813 bytes/s in 0.009ms and 1407600 bytes
124643584 bytes/s in 0.011ms and 1407600 bytes
142605312 bytes/s in 0.009ms and 1407600 bytes
132566089 bytes/s in 0.01ms and 1407600 bytes
139044194 bytes/s in 0.01ms and 1407600 bytes
139067547 bytes/s in 0.01ms and 1407600 bytes
160653754 bytes/s in 0.008ms and 1407600 bytes
155398542 bytes/s in 0.009ms and 1407600 bytes
157947889 bytes/s in 0.008ms and 1407600 bytes
146358201 bytes/s in 0.009ms and 1407600 bytes
154740834 bytes/s in 0.009ms and 1407600 bytes
154318416 bytes/s in 0.009ms and 1407600 bytes
129389270 bytes/s in 0.01ms and 1407600 bytes
109537446 bytes/s in 0.012ms and 1407600 bytes
90747916 bytes/s in 0.015ms and 1407600 bytes
94402006 bytes/s in 0.014ms and 1407600 bytes
126942327 bytes/s in 0.011ms and 1407600 bytes
164109499 bytes/s in 0.008ms and 1407600 bytes
153532356 bytes/s in 0.009ms and 1407600 bytes
107792685 bytes/s in 0.013ms and 1407600 bytes
113216652 bytes/s in 0.012ms and 1407600 bytes
136074939 bytes/s in 0.01ms and 1407600 bytes
110588216 bytes/s in 0.012ms and 1407600 bytes
111171662 bytes/s in 0.012ms and 1407600 bytes
122945235 bytes/s in 0.011ms and 1407600 bytes
105820264 bytes/s in 0.013ms and 1407600 bytes
127021368 bytes/s in 0.011ms and 1407600 bytes
158753073 bytes/s in 0.008ms and 1407600 bytes
159843744 bytes/s in 0.008ms and 1407600 bytes
113642602 bytes/s in 0.012ms and 1407600 bytes
103579969 bytes/s in 0.013ms and 1407600 bytes
115596872 bytes/s in 0.012ms and 1407600 bytes
157949661 bytes/s in 0.008ms and 1407600 bytes
133156749 bytes/s in 0.01ms and 1407600 bytes
170779646 bytes/s in 0.008ms and 1407600 bytes
102475247 bytes/s in 0.013ms and 1407600 bytes
137399215 bytes/s in 0.01ms and 1407600 bytes
154014486 bytes/s in 0.009ms and 1407600 bytes
152476277 bytes/s in 0.009ms and 1407600 bytes
150408719 bytes/s in 0.009ms and 1407600 bytes
119371088 bytes/s in 0.011ms and 1407600 bytes
151535703 bytes/s in 0.009ms and 1407600 bytes
140748740 bytes/s in 0.01ms and 1407600 bytes
143672236 bytes/s in 0.009ms and 1407600 bytes
141576898 bytes/s in 0.009ms and 1407600 bytes
152350852 bytes/s in 0.009ms and 1407600 bytes
163287086 bytes/s in 0.008ms and 1407600 bytes
162615526 bytes/s in 0.008ms and 1407600 bytes
141003936 bytes/s in 0.009ms and 1407600 bytes
167949314 bytes/s in 0.008ms and 1407600 bytes
160633587 bytes/s in 0.008ms and 1407600 bytes
127393838 bytes/s in 0.011ms and 1407600 bytes
124602760 bytes/s in 0.011ms and 1407600 bytes
144196195 bytes/s in 0.009ms and 1407600 bytes
140101522 bytes/s in 0.01ms and 1407600 bytes
142229227 bytes/s in 0.009ms and 1407600 bytes
110704763 bytes/s in 0.012ms and 1407600 bytes
134311695 bytes/s in 0.01ms and 1407600 bytes
144590194 bytes/s in 0.009ms and 1407600 bytes
141296928 bytes/s in 0.009ms and 1407600 bytes
119950915 bytes/s in 0.011ms and 1407600 bytes
117128211 bytes/s in 0.012ms and 1407600 bytes
135458167 bytes/s in 0.01ms and 1407600 bytes
158792473 bytes/s in 0.008ms and 1407600 bytes
139525201 bytes/s in 0.01ms and 1407600 bytes
158665389 bytes/s in 0.008ms and 1407600 bytes
155134789 bytes/s in 0.009ms and 1407600 bytes
164364366 bytes/s in 0.008ms and 1407600 bytes
153201493 bytes/s in 0.009ms and 1407600 bytes
138630633 bytes/s in 0.01ms and 1407600 bytes
121358428 bytes/s in 0.011ms and 1407600 bytes
124896850 bytes/s in 0.011ms and 1407600 bytes
117222828 bytes/s in 0.012ms and 1407600 bytes
165939688 bytes/s in 0.008ms and 1407600 bytes
139000256 bytes/s in 0.01ms and 1407600 bytes
146949513 bytes/s in 0.009ms and 1407600 bytes
123199187 bytes/s in 0.011ms and 1407600 bytes
122707301 bytes/s in 0.011ms and 1407600 bytes
125861745 bytes/s in 0.011ms and 1407600 bytes
136392705 bytes/s in 0.01ms and 1407600 bytes
153278233 bytes/s in 0.009ms and 1407600 bytes
106649290 bytes/s in 0.013ms and 1407600 bytes
100191471 bytes/s in 0.014ms and 1407600 bytes
100670132 bytes/s in 0.013ms and 1407600 bytes
119603361 bytes/s in 0.011ms and 1407600 bytes
115717562 bytes/s in 0.012ms and 1407600 bytes
120915369 bytes/s in 0.011ms and 1407600 bytes
106053071 bytes/s in 0.013ms and 1407600 bytes
149771767 bytes/s in 0.009ms and 1407600 bytes
126078194 bytes/s in 0.011ms and 1407600 bytes
119888594 bytes/s in 0.011ms and 1407600 bytes
122901223 bytes/s in 0.011ms and 1407600 bytes
124885769 bytes/s in 0.011ms and 1407600 bytes
110932475 bytes/s in 0.012ms and 1407600 bytes
117499749 bytes/s in 0.011ms and 1407600 bytes
149921716 bytes/s in 0.009ms and 1407600 bytes
107674772 bytes/s in 0.013ms and 1407600 bytes
117127237 bytes/s in 0.012ms and 1407600 bytes
163798219 bytes/s in 0.008ms and 1407600 bytes
157243875 bytes/s in 0.008ms and 1407600 bytes
139523818 bytes/s in 0.01ms and 1407600 bytes
156193477 bytes/s in 0.009ms and 1407600 bytes
132120631 bytes/s in 0.01ms and 1407600 bytes
121865909 bytes/s in 0.011ms and 1407600 bytes
128811449 bytes/s in 0.01ms and 1407600 bytes
142941283 bytes/s in 0.009ms and 1407600 bytes
116826851 bytes/s in 0.012ms and 1407600 bytes
116271001 bytes/s in 0.012ms and 1407600 bytes
154458965 bytes/s in 0.009ms and 1407600 bytes
140439797 bytes/s in 0.01ms and 1407600 bytes
119598280 bytes/s in 0.011ms and 1407600 bytes
138499685 bytes/s in 0.01ms and 1407600 bytes
118820907 bytes/s in 0.011ms and 1407600 bytes
109567288 bytes/s in 0.012ms and 1407600 bytes
117037640 bytes/s in 0.012ms and 1407600 bytes
111695669 bytes/s in 0.012ms and 1407600 bytes
119724419 bytes/s in 0.011ms and 1407600 bytes
108468829 bytes/s in 0.012ms and 1407600 bytes
128315921 bytes/s in 0.01ms and 1407600 bytes
144363308 bytes/s in 0.009ms and 1407600 bytes
131198270 bytes/s in 0.01ms and 1407600 bytes
125626974 bytes/s in 0.011ms and 1407600 bytes
114493944 bytes/s in 0.012ms and 1407600 bytes
113183879 bytes/s in 0.012ms and 1407600 bytes
133405362 bytes/s in 0.01ms and 1407600 bytes
117154533 bytes/s in 0.012ms and 1407600 bytes
108462978 bytes/s in 0.012ms and 1407600 bytes
115146755 bytes/s in 0.012ms and 1407600 bytes
115689030 bytes/s in 0.012ms and 1407600 bytes
109628729 bytes/s in 0.012ms and 1407600 bytes
104626271 bytes/s in 0.013ms and 1407600 bytes
147528612 bytes/s in 0.009ms and 1407600 bytes
164427727 bytes/s in 0.008ms and 1407600 bytes
122504395 bytes/s in 0.011ms and 1407600 bytes
155704519 bytes/s in 0.009ms and 1407600 bytes
153772203 bytes/s in 0.009ms and 1407600 bytes
132681050 bytes/s in 0.01ms and 1407600 bytes
133014562 bytes/s in 0.01ms and 1407600 bytes
140954517 bytes/s in 0.009ms and 1407600 bytes
136575331 bytes/s in 0.01ms and 1407600 bytes
109078228 bytes/s in 0.012ms and 1407600 bytes
142478288 bytes/s in 0.009ms and 1407600 bytes
134382219 bytes/s in 0.01ms and 1407600 bytes
162326729 bytes/s in 0.008ms and 1407600 bytes
142247913 bytes/s in 0.009ms and 1407600 bytes
143826378 bytes/s in 0.009ms and 1407600 bytes
89130916 bytes/s in 0.015ms and 1407600 bytes
113194801 bytes/s in 0.012ms and 1407600 bytes
101582627 bytes/s in 0.013ms and 1407600 bytes
102360486 bytes/s in 0.013ms and 1407600 bytes
113152034 bytes/s in 0.012ms and 1407600 bytes
107852977 bytes/s in 0.013ms and 1407600 bytes
120565310 bytes/s in 0.011ms and 1407600 bytes
104184862 bytes/s in 0.013ms and 1407600 bytes
151900373 bytes/s in 0.009ms and 1407600 bytes
129842816 bytes/s in 0.01ms and 1407600 bytes
139579160 bytes/s in 0.01ms and 1407600 bytes
126329393 bytes/s in 0.011ms and 1407600 bytes
145836571 bytes/s in 0.009ms and 1407600 bytes
149910539 bytes/s in 0.009ms and 1407600 bytes
140985576 bytes/s in 0.009ms and 1407600 bytes
128499831 bytes/s in 0.01ms and 1407600 bytes
168837711 bytes/s in 0.008ms and 1407600 bytes
138912464 bytes/s in 0.01ms and 1407600 bytes
160763845 bytes/s in 0.008ms and 1407600 bytes
111596489 bytes/s in 0.012ms and 1407600 bytes
154703419 bytes/s in 0.009ms and 1407600 bytes
117826290 bytes/s in 0.011ms and 1407600 bytes
128311243 bytes/s in 0.01ms and 1407600 bytes
98321493 bytes/s in 0.014ms and 1407600 bytes
160921905 bytes/s in 0.008ms and 1407600 bytes
145125371 bytes/s in 0.009ms and 1407600 bytes
121402389 bytes/s in 0.011ms and 1407600 bytes
111556689 bytes/s in 0.012ms and 1407600 bytes
109213640 bytes/s in 0.012ms and 1407600 bytes
119456184 bytes/s in 0.011ms and 1407600 bytes
92961820 bytes/s in 0.015ms and 1407600 bytes
122619649 bytes/s in 0.011ms and 1407600 bytes
106741487 bytes/s in 0.013ms and 1407600 bytes
105538602 bytes/s in 0.013ms and 1407600 bytes
121263288 bytes/s in 0.011ms and 1407600 bytes
107392996 bytes/s in 0.013ms and 1407600 bytes
140238313 bytes/s in 0.01ms and 1407600 bytes
130258555 bytes/s in 0.01ms and 1407600 bytes
112429013 bytes/s in 0.012ms and 1407600 bytes
159542997 bytes/s in 0.008ms and 1407600 bytes
123140987 bytes/s in 0.011ms and 1407600 bytes
130080399 bytes/s in 0.01ms and 1407600 bytes
160514522 bytes/s in 0.008ms and 1407600 bytes
144171087 bytes/s in 0.009ms and 1407600 bytes
166686403 bytes/s in 0.008ms and 1407600 bytes
108249444 bytes/s in 0.013ms and 1407600 bytes
155309382 bytes/s in 0.009ms and 1407600 bytes
139937169 bytes/s in 0.01ms and 1407600 bytes
117854900 bytes/s in 0.011ms and 1407600 bytes
117269705 bytes/s in 0.012ms and 1407600 bytes
108924605 bytes/s in 0.012ms and 1407600 bytes
131458029 bytes/s in 0.01ms and 1407600 bytes
141589715 bytes/s in 0.009ms and 1407600 bytes
112884340 bytes/s in 0.012ms and 1407600 bytes
127045444 bytes/s in 0.011ms and 1407600 bytes
114055131 bytes/s in 0.012ms and 1407600 bytes
151679400 bytes/s in 0.009ms and 1407600 bytes
140944637 bytes/s in 0.009ms and 1407600 bytes
155716577 bytes/s in 0.009ms and 1407600 bytes
129123399 bytes/s in 0.01ms and 1407600 bytes
123595110 bytes/s in 0.011ms and 1407600 bytes
122837943 bytes/s in 0.011ms and 1407600 bytes
118993676 bytes/s in 0.011ms and 1407600 bytes
133609233 bytes/s in 0.01ms and 1407600 bytes
111396011 bytes/s in 0.012ms and 1407600 bytes
107087428 bytes/s in 0.013ms and 1407600 bytes
107679714 bytes/s in 0.013ms and 1407600 bytes
135528596 bytes/s in 0.01ms and 1407600 bytes
140276047 bytes/s in 0.01ms and 1407600 bytes
165250058 bytes/s in 0.008ms and 1407600 bytes
93662042 bytes/s in 0.015ms and 1407600 bytes
107725863 bytes/s in 0.013ms and 1407600 bytes
143609206 bytes/s in 0.009ms and 1407600 bytes
141925205 bytes/s in 0.009ms and 1407600 bytes
139409125 bytes/s in 0.01ms and 1407600 bytes
133723470 bytes/s in 0.01ms and 1407600 bytes
142961608 bytes/s in 0.009ms and 1407600 bytes
116164492 bytes/s in 0.012ms and 1407600 bytes
150363731 bytes/s in 0.009ms and 1407600 bytes
126937748 bytes/s in 0.011ms and 1407600 bytes
165325753 bytes/s in 0.008ms and 1407600 bytes
113695841 bytes/s in 0.012ms and 1407600 bytes
145077506 bytes/s in 0.009ms and 1407600 bytes
157458470 bytes/s in 0.008ms and 1407600 bytes
125092201 bytes/s in 0.011ms and 1407600 bytes
139119777 bytes/s in 0.01ms and 1407600 bytes
162615526 bytes/s in 0.008ms and 1407600 bytes
155244292 bytes/s in 0.009ms and 1407600 bytes
151656521 bytes/s in 0.009ms and 1407600 bytes
113176599 bytes/s in 0.012ms and 1407600 bytes
138087997 bytes/s in 0.01ms and 1407600 bytes
127377698 bytes/s in 0.011ms and 1407600 bytes
115285387 bytes/s in 0.012ms and 1407600 bytes
161867525 bytes/s in 0.008ms and 1407600 bytes
123989218 bytes/s in 0.011ms and 1407600 bytes
116075404 bytes/s in 0.012ms and 1407600 bytes
117459549 bytes/s in 0.011ms and 1407600 bytes
140946048 bytes/s in 0.009ms and 1407600 bytes
115111914 bytes/s in 0.012ms and 1407600 bytes
117200379 bytes/s in 0.012ms and 1407600 bytes
157613624 bytes/s in 0.008ms and 1407600 bytes
119607426 bytes/s in 0.011ms and 1407600 bytes
153074873 bytes/s in 0.009ms and 1407600 bytes
148212104 bytes/s in 0.009ms and 1407600 bytes
130176639 bytes/s in 0.01ms and 1407600 bytes
137471677 bytes/s in 0.01ms and 1407600 bytes
139045568 bytes/s in 0.01ms and 1407600 bytes
134454102 bytes/s in 0.01ms and 1407600 bytes
133232371 bytes/s in 0.01ms and 1407600 bytes
141869418 bytes/s in 0.009ms and 1407600 bytes
152448203 bytes/s in 0.009ms and 1407600 bytes
148592300 bytes/s in 0.009ms and 1407600 bytes
169319042 bytes/s in 0.008ms and 1407600 bytes
158347676 bytes/s in 0.008ms and 1407600 bytes
116303665 bytes/s in 0.012ms and 1407600 bytes
158779934 bytes/s in 0.008ms and 1407600 bytes
143408759 bytes/s in 0.009ms and 1407600 bytes
153156485 bytes/s in 0.009ms and 1407600 bytes
157432054 bytes/s in 0.008ms and 1407600 bytes
138396193 bytes/s in 0.01ms and 1407600 bytes
137466307 bytes/s in 0.01ms and 1407600 bytes
135557310 bytes/s in 0.01ms and 1407600 bytes
138837106 bytes/s in 0.01ms and 1407600 bytes
153735255 bytes/s in 0.009ms and 1407600 bytes
158180408 bytes/s in 0.008ms and 1407600 bytes
159604503 bytes/s in 0.008ms and 1407600 bytes
160571285 bytes/s in 0.008ms and 1407600 bytes
121541809 bytes/s in 0.011ms and 1407600 bytes
117039586 bytes/s in 0.012ms and 1407600 bytes
125108879 bytes/s in 0.011ms and 1407600 bytes
128566731 bytes/s in 0.01ms and 1407600 bytes
116848187 bytes/s in 0.012ms and 1407600 bytes
110698669 bytes/s in 0.012ms and 1407600 bytes
101966749 bytes/s in 0.013ms and 1407600 bytes
116224919 bytes/s in 0.012ms and 1407600 bytes
102177700 bytes/s in 0.013ms and 1407600 bytes
109732995 bytes/s in 0.012ms and 1407600 bytes
98337292 bytes/s in 0.014ms and 1407600 bytes
108331088 bytes/s in 0.012ms and 1407600 bytes
98003174 bytes/s in 0.014ms and 1407600 bytes
119920257 bytes/s in 0.011ms and 1407600 bytes
110178778 bytes/s in 0.012ms and 1407600 bytes
154058313 bytes/s in 0.009ms and 1407600 bytes
143547696 bytes/s in 0.009ms and 1407600 bytes
157969160 bytes/s in 0.008ms and 1407600 bytes
162816790 bytes/s in 0.008ms and 1407600 bytes
152451505 bytes/s in 0.009ms and 1407600 bytes
111607992 bytes/s in 0.012ms and 1407600 bytes
