bench-wsload.exe 127.0.0.1 5000 1000 1000 100 10 0 2> csharp-echo-app.log
 
62341665 bytes/s in 0.022ms and 1407600 bytes
63161862 bytes/s in 0.022ms and 1407600 bytes
59525017 bytes/s in 0.023ms and 1407600 bytes
65609225 bytes/s in 0.021ms and 1407600 bytes
53575098 bytes/s in 0.026ms and 1407600 bytes
66998900 bytes/s in 0.021ms and 1407600 bytes
70382815 bytes/s in 0.019ms and 1407600 bytes
57965046 bytes/s in 0.024ms and 1407600 bytes
66122379 bytes/s in 0.021ms and 1407600 bytes
80766582 bytes/s in 0.017ms and 1407600 bytes
83144315 bytes/s in 0.016ms and 1407600 bytes
78290033 bytes/s in 0.017ms and 1407600 bytes
86788706 bytes/s in 0.016ms and 1407600 bytes
79025376 bytes/s in 0.017ms and 1407600 bytes
81643069 bytes/s in 0.017ms and 1407600 bytes
74781250 bytes/s in 0.018ms and 1407600 bytes
78827113 bytes/s in 0.017ms and 1407600 bytes
85735690 bytes/s in 0.016ms and 1407600 bytes
88697887 bytes/s in 0.015ms and 1407600 bytes
93623417 bytes/s in 0.015ms and 1407600 bytes
79454946 bytes/s in 0.017ms and 1407600 bytes
81151666 bytes/s in 0.017ms and 1407600 bytes
73720651 bytes/s in 0.019ms and 1407600 bytes
74914579 bytes/s in 0.018ms and 1407600 bytes
79411466 bytes/s in 0.017ms and 1407600 bytes
68364279 bytes/s in 0.02ms and 1407600 bytes
60732622 bytes/s in 0.023ms and 1407600 bytes
79738510 bytes/s in 0.017ms and 1407600 bytes
88832231 bytes/s in 0.015ms and 1407600 bytes
79860658 bytes/s in 0.017ms and 1407600 bytes
77910864 bytes/s in 0.018ms and 1407600 bytes
76259203 bytes/s in 0.018ms and 1407600 bytes
87436717 bytes/s in 0.016ms and 1407600 bytes

80263733.18	 ave
 9672932.794 stddev s

82949308 bytes/s in 0.016ms and 1407600 bytes
79603228 bytes/s in 0.017ms and 1407600 bytes
65826147 bytes/s in 0.021ms and 1407600 bytes
81663437 bytes/s in 0.017ms and 1407600 bytes
79321071 bytes/s in 0.017ms and 1407600 bytes
68662074 bytes/s in 0.02ms and 1407600 bytes
79821258 bytes/s in 0.017ms and 1407600 bytes
73977138 bytes/s in 0.019ms and 1407600 bytes
83095232 bytes/s in 0.016ms and 1407600 bytes
79447322 bytes/s in 0.017ms and 1407600 bytes
78465474 bytes/s in 0.017ms and 1407600 bytes
61558915 bytes/s in 0.022ms and 1407600 bytes
64372147 bytes/s in 0.021ms and 1407600 bytes
83652268 bytes/s in 0.016ms and 1407600 bytes
47212718 bytes/s in 0.029ms and 1407600 bytes
70449745 bytes/s in 0.019ms and 1407600 bytes
89573324 bytes/s in 0.015ms and 1407600 bytes
90204748 bytes/s in 0.015ms and 1407600 bytes
89321521 bytes/s in 0.015ms and 1407600 bytes
89463448 bytes/s in 0.015ms and 1407600 bytes
84274304 bytes/s in 0.016ms and 1407600 bytes
77925528 bytes/s in 0.018ms and 1407600 bytes
74715358 bytes/s in 0.018ms and 1407600 bytes
70631093 bytes/s in 0.019ms and 1407600 bytes
74513249 bytes/s in 0.018ms and 1407600 bytes
79635203 bytes/s in 0.017ms and 1407600 bytes
75373090 bytes/s in 0.018ms and 1407600 bytes
70966896 bytes/s in 0.019ms and 1407600 bytes
73135755 bytes/s in 0.019ms and 1407600 bytes
79543399 bytes/s in 0.017ms and 1407600 bytes
70764249 bytes/s in 0.019ms and 1407600 bytes
81432885 bytes/s in 0.017ms and 1407600 bytes
86457136 bytes/s in 0.016ms and 1407600 bytes
94303343 bytes/s in 0.014ms and 1407600 bytes
82326862 bytes/s in 0.017ms and 1407600 bytes
75101239 bytes/s in 0.018ms and 1407600 bytes
84313678 bytes/s in 0.016ms and 1407600 bytes
89202086 bytes/s in 0.015ms and 1407600 bytes
89551099 bytes/s in 0.015ms and 1407600 bytes
71395964 bytes/s in 0.019ms and 1407600 bytes
78095438 bytes/s in 0.018ms and 1407600 bytes
80304880 bytes/s in 0.017ms and 1407600 bytes
81667701 bytes/s in 0.017ms and 1407600 bytes
73379764 bytes/s in 0.019ms and 1407600 bytes
80715637 bytes/s in 0.017ms and 1407600 bytes
78594720 bytes/s in 0.017ms and 1407600 bytes
77615298 bytes/s in 0.018ms and 1407600 bytes
80081469 bytes/s in 0.017ms and 1407600 bytes
90592558 bytes/s in 0.015ms and 1407600 bytes
82630849 bytes/s in 0.017ms and 1407600 bytes
72126913 bytes/s in 0.019ms and 1407600 bytes
71489517 bytes/s in 0.019ms and 1407600 bytes
71524026 bytes/s in 0.019ms and 1407600 bytes
88117088 bytes/s in 0.015ms and 1407600 bytes
82994304 bytes/s in 0.016ms and 1407600 bytes
77218891 bytes/s in 0.018ms and 1407600 bytes
65815990 bytes/s in 0.021ms and 1407600 bytes
71044622 bytes/s in 0.019ms and 1407600 bytes
80335129 bytes/s in 0.017ms and 1407600 bytes
80729525 bytes/s in 0.017ms and 1407600 bytes
73620787 bytes/s in 0.019ms and 1407600 bytes
68080249 bytes/s in 0.02ms and 1407600 bytes
73370585 bytes/s in 0.019ms and 1407600 bytes
83464772 bytes/s in 0.016ms and 1407600 bytes
79210818 bytes/s in 0.017ms and 1407600 bytes
72123957 bytes/s in 0.019ms and 1407600 bytes
78750818 bytes/s in 0.017ms and 1407600 bytes
77341934 bytes/s in 0.018ms and 1407600 bytes
77669688 bytes/s in 0.018ms and 1407600 bytes
83877580 bytes/s in 0.016ms and 1407600 bytes
79519583 bytes/s in 0.017ms and 1407600 bytes
83562879 bytes/s in 0.016ms and 1407600 bytes
78419137 bytes/s in 0.017ms and 1407600 bytes
91776257 bytes/s in 0.015ms and 1407600 bytes
90846897 bytes/s in 0.015ms and 1407600 bytes
76053187 bytes/s in 0.018ms and 1407600 bytes
90558171 bytes/s in 0.015ms and 1407600 bytes
86567733 bytes/s in 0.016ms and 1407600 bytes
77568249 bytes/s in 0.018ms and 1407600 bytes
78104538 bytes/s in 0.018ms and 1407600 bytes
80268245 bytes/s in 0.017ms and 1407600 bytes
59197079 bytes/s in 0.023ms and 1407600 bytes
77835040 bytes/s in 0.018ms and 1407600 bytes
73801821 bytes/s in 0.019ms and 1407600 bytes
78530263 bytes/s in 0.017ms and 1407600 bytes
79355504 bytes/s in 0.017ms and 1407600 bytes
89506683 bytes/s in 0.015ms and 1407600 bytes
83679620 bytes/s in 0.016ms and 1407600 bytes
77899222 bytes/s in 0.018ms and 1407600 bytes
74719721 bytes/s in 0.018ms and 1407600 bytes
62649100 bytes/s in 0.022ms and 1407600 bytes
78613594 bytes/s in 0.017ms and 1407600 bytes
73769718 bytes/s in 0.019ms and 1407600 bytes
74219759 bytes/s in 0.018ms and 1407600 bytes
82604179 bytes/s in 0.017ms and 1407600 bytes
78229988 bytes/s in 0.017ms and 1407600 bytes
73859134 bytes/s in 0.019ms and 1407600 bytes
83183623 bytes/s in 0.016ms and 1407600 bytes
77693267 bytes/s in 0.018ms and 1407600 bytes
73330832 bytes/s in 0.019ms and 1407600 bytes
71605892 bytes/s in 0.019ms and 1407600 bytes
63692595 bytes/s in 0.022ms and 1407600 bytes
60178277 bytes/s in 0.023ms and 1407600 bytes
72623709 bytes/s in 0.019ms and 1407600 bytes
79515989 bytes/s in 0.017ms and 1407600 bytes
74154071 bytes/s in 0.018ms and 1407600 bytes
50941306 bytes/s in 0.027ms and 1407600 bytes
77596471 bytes/s in 0.018ms and 1407600 bytes
80349344 bytes/s in 0.017ms and 1407600 bytes
81745483 bytes/s in 0.017ms and 1407600 bytes
75678233 bytes/s in 0.018ms and 1407600 bytes
79908714 bytes/s in 0.017ms and 1407600 bytes
92389485 bytes/s in 0.015ms and 1407600 bytes
81787281 bytes/s in 0.017ms and 1407600 bytes
79976818 bytes/s in 0.017ms and 1407600 bytes
78691383 bytes/s in 0.017ms and 1407600 bytes
75996933 bytes/s in 0.018ms and 1407600 bytes
80437043 bytes/s in 0.017ms and 1407600 bytes
88122605 bytes/s in 0.015ms and 1407600 bytes
91112693 bytes/s in 0.015ms and 1407600 bytes
99406779 bytes/s in 0.014ms and 1407600 bytes
89886779 bytes/s in 0.015ms and 1407600 bytes
82737703 bytes/s in 0.017ms and 1407600 bytes
79038244 bytes/s in 0.017ms and 1407600 bytes
81180215 bytes/s in 0.017ms and 1407600 bytes
82220586 bytes/s in 0.017ms and 1407600 bytes
76865948 bytes/s in 0.018ms and 1407600 bytes
76571577 bytes/s in 0.018ms and 1407600 bytes
82523304 bytes/s in 0.017ms and 1407600 bytes
82137584 bytes/s in 0.017ms and 1407600 bytes
80679551 bytes/s in 0.017ms and 1407600 bytes
79047121 bytes/s in 0.017ms and 1407600 bytes
69746699 bytes/s in 0.02ms and 1407600 bytes
69099923 bytes/s in 0.02ms and 1407600 bytes
77353409 bytes/s in 0.018ms and 1407600 bytes
74694741 bytes/s in 0.018ms and 1407600 bytes
76506652 bytes/s in 0.018ms and 1407600 bytes
73501997 bytes/s in 0.019ms and 1407600 bytes
68561408 bytes/s in 0.02ms and 1407600 bytes
78103672 bytes/s in 0.018ms and 1407600 bytes
77780847 bytes/s in 0.018ms and 1407600 bytes
77820839 bytes/s in 0.018ms and 1407600 bytes
77182900 bytes/s in 0.018ms and 1407600 bytes
83630400 bytes/s in 0.016ms and 1407600 bytes
85396557 bytes/s in 0.016ms and 1407600 bytes
82379380 bytes/s in 0.017ms and 1407600 bytes
70192585 bytes/s in 0.02ms and 1407600 bytes
67291649 bytes/s in 0.02ms and 1407600 bytes
61986419 bytes/s in 0.022ms and 1407600 bytes
73049976 bytes/s in 0.019ms and 1407600 bytes
49421380 bytes/s in 0.028ms and 1407600 bytes
76023202 bytes/s in 0.018ms and 1407600 bytes
95131891 bytes/s in 0.014ms and 1407600 bytes
86377025 bytes/s in 0.016ms and 1407600 bytes
85012834 bytes/s in 0.016ms and 1407600 bytes
75670910 bytes/s in 0.018ms and 1407600 bytes
78221293 bytes/s in 0.017ms and 1407600 bytes
75926425 bytes/s in 0.018ms and 1407600 bytes
64211813 bytes/s in 0.021ms and 1407600 bytes
68624917 bytes/s in 0.02ms and 1407600 bytes
85061124 bytes/s in 0.016ms and 1407600 bytes
82479784 bytes/s in 0.017ms and 1407600 bytes
77404028 bytes/s in 0.018ms and 1407600 bytes
75546228 bytes/s in 0.018ms and 1407600 bytes
82047575 bytes/s in 0.017ms and 1407600 bytes
85705935 bytes/s in 0.016ms and 1407600 bytes
81958717 bytes/s in 0.017ms and 1407600 bytes
88249123 bytes/s in 0.015ms and 1407600 bytes
80198730 bytes/s in 0.017ms and 1407600 bytes
83489525 bytes/s in 0.016ms and 1407600 bytes
81467762 bytes/s in 0.017ms and 1407600 bytes
79769238 bytes/s in 0.017ms and 1407600 bytes
79059997 bytes/s in 0.017ms and 1407600 bytes
67208754 bytes/s in 0.02ms and 1407600 bytes
71718628 bytes/s in 0.019ms and 1407600 bytes
79290240 bytes/s in 0.017ms and 1407600 bytes
75753987 bytes/s in 0.018ms and 1407600 bytes
97334974 bytes/s in 0.014ms and 1407600 bytes
83177233 bytes/s in 0.016ms and 1407600 bytes
71362302 bytes/s in 0.019ms and 1407600 bytes
73230116 bytes/s in 0.019ms and 1407600 bytes
67573016 bytes/s in 0.02ms and 1407600 bytes
84786497 bytes/s in 0.016ms and 1407600 bytes
72669826 bytes/s in 0.019ms and 1407600 bytes
78989455 bytes/s in 0.017ms and 1407600 bytes
81292267 bytes/s in 0.017ms and 1407600 bytes
78948696 bytes/s in 0.017ms and 1407600 bytes
74703066 bytes/s in 0.018ms and 1407600 bytes
90333262 bytes/s in 0.015ms and 1407600 bytes
82676957 bytes/s in 0.017ms and 1407600 bytes
86902836 bytes/s in 0.016ms and 1407600 bytes
91464959 bytes/s in 0.015ms and 1407600 bytes
91099720 bytes/s in 0.015ms and 1407600 bytes
79171611 bytes/s in 0.017ms and 1407600 bytes
83472691 bytes/s in 0.016ms and 1407600 bytes
89429912 bytes/s in 0.015ms and 1407600 bytes
90161991 bytes/s in 0.015ms and 1407600 bytes
74689192 bytes/s in 0.018ms and 1407600 bytes
68388526 bytes/s in 0.02ms and 1407600 bytes
82558153 bytes/s in 0.017ms and 1407600 bytes
81684288 bytes/s in 0.017ms and 1407600 bytes
66380257 bytes/s in 0.021ms and 1407600 bytes
77777409 bytes/s in 0.018ms and 1407600 bytes
73123597 bytes/s in 0.019ms and 1407600 bytes
73736484 bytes/s in 0.019ms and 1407600 bytes
96464476 bytes/s in 0.014ms and 1407600 bytes
92523696 bytes/s in 0.015ms and 1407600 bytes
85498223 bytes/s in 0.016ms and 1407600 bytes
77904396 bytes/s in 0.018ms and 1407600 bytes
84151372 bytes/s in 0.016ms and 1407600 bytes
78603936 bytes/s in 0.017ms and 1407600 bytes
77439373 bytes/s in 0.018ms and 1407600 bytes
91398442 bytes/s in 0.015ms and 1407600 bytes
83612516 bytes/s in 0.016ms and 1407600 bytes
73128915 bytes/s in 0.019ms and 1407600 bytes
74525085 bytes/s in 0.018ms and 1407600 bytes
74936514 bytes/s in 0.018ms and 1407600 bytes
77932000 bytes/s in 0.018ms and 1407600 bytes
89686327 bytes/s in 0.015ms and 1407600 bytes
96606819 bytes/s in 0.014ms and 1407600 bytes
102688309 bytes/s in 0.013ms and 1407600 bytes
92610137 bytes/s in 0.015ms and 1407600 bytes
93203729 bytes/s in 0.015ms and 1407600 bytes
53474757 bytes/s in 0.026ms and 1407600 bytes
90445868 bytes/s in 0.015ms and 1407600 bytes
86974252 bytes/s in 0.016ms and 1407600 bytes
83314590 bytes/s in 0.016ms and 1407600 bytes
83071203 bytes/s in 0.016ms and 1407600 bytes
76827770 bytes/s in 0.018ms and 1407600 bytes
75334767 bytes/s in 0.018ms and 1407600 bytes
79780993 bytes/s in 0.017ms and 1407600 bytes
80661520 bytes/s in 0.017ms and 1407600 bytes
80991973 bytes/s in 0.017ms and 1407600 bytes
75907181 bytes/s in 0.018ms and 1407600 bytes
99768935 bytes/s in 0.014ms and 1407600 bytes
87278950 bytes/s in 0.016ms and 1407600 bytes
72929997 bytes/s in 0.019ms and 1407600 bytes
76219974 bytes/s in 0.018ms and 1407600 bytes
74648395 bytes/s in 0.018ms and 1407600 bytes
79188982 bytes/s in 0.017ms and 1407600 bytes
79628445 bytes/s in 0.017ms and 1407600 bytes
85446322 bytes/s in 0.016ms and 1407600 bytes
79530366 bytes/s in 0.017ms and 1407600 bytes
63252118 bytes/s in 0.022ms and 1407600 bytes
78925677 bytes/s in 0.017ms and 1407600 bytes
66620599 bytes/s in 0.021ms and 1407600 bytes
97467074 bytes/s in 0.014ms and 1407600 bytes
93200026 bytes/s in 0.015ms and 1407600 bytes
87622320 bytes/s in 0.016ms and 1407600 bytes
79608630 bytes/s in 0.017ms and 1407600 bytes
80495001 bytes/s in 0.017ms and 1407600 bytes
84473570 bytes/s in 0.016ms and 1407600 bytes
84993327 bytes/s in 0.016ms and 1407600 bytes
82314345 bytes/s in 0.017ms and 1407600 bytes
79828048 bytes/s in 0.017ms and 1407600 bytes
79406986 bytes/s in 0.017ms and 1407600 bytes
79914612 bytes/s in 0.017ms and 1407600 bytes
80404421 bytes/s in 0.017ms and 1407600 bytes
76994185 bytes/s in 0.018ms and 1407600 bytes
81597634 bytes/s in 0.017ms and 1407600 bytes
72823218 bytes/s in 0.019ms and 1407600 bytes
80271449 bytes/s in 0.017ms and 1407600 bytes
90774250 bytes/s in 0.015ms and 1407600 bytes
81275369 bytes/s in 0.017ms and 1407600 bytes
83373314 bytes/s in 0.016ms and 1407600 bytes
83082970 bytes/s in 0.016ms and 1407600 bytes
97526501 bytes/s in 0.014ms and 1407600 bytes
85671507 bytes/s in 0.016ms and 1407600 bytes
84686007 bytes/s in 0.016ms and 1407600 bytes
79747093 bytes/s in 0.017ms and 1407600 bytes
78368928 bytes/s in 0.017ms and 1407600 bytes
71464836 bytes/s in 0.019ms and 1407600 bytes
89279031 bytes/s in 0.015ms and 1407600 bytes
97351804 bytes/s in 0.014ms and 1407600 bytes
96407657 bytes/s in 0.014ms and 1407600 bytes
94383649 bytes/s in 0.014ms and 1407600 bytes
94468530 bytes/s in 0.014ms and 1407600 bytes
97147550 bytes/s in 0.014ms and 1407600 bytes
89214524 bytes/s in 0.015ms and 1407600 bytes
95192366 bytes/s in 0.014ms and 1407600 bytes
86776935 bytes/s in 0.016ms and 1407600 bytes
84006731 bytes/s in 0.016ms and 1407600 bytes
80404421 bytes/s in 0.017ms and 1407600 bytes
87319015 bytes/s in 0.016ms and 1407600 bytes
84675818 bytes/s in 0.016ms and 1407600 bytes
81588648 bytes/s in 0.017ms and 1407600 bytes
77371267 bytes/s in 0.018ms and 1407600 bytes
79105760 bytes/s in 0.017ms and 1407600 bytes
77032107 bytes/s in 0.018ms and 1407600 bytes
86620472 bytes/s in 0.016ms and 1407600 bytes
81075943 bytes/s in 0.017ms and 1407600 bytes
61868176 bytes/s in 0.022ms and 1407600 bytes
77996342 bytes/s in 0.018ms and 1407600 bytes
71761407 bytes/s in 0.019ms and 1407600 bytes
79098648 bytes/s in 0.017ms and 1407600 bytes
80173606 bytes/s in 0.017ms and 1407600 bytes
77467928 bytes/s in 0.018ms and 1407600 bytes
78604375 bytes/s in 0.017ms and 1407600 bytes
70756779 bytes/s in 0.019ms and 1407600 bytes
71826587 bytes/s in 0.019ms and 1407600 bytes
79588374 bytes/s in 0.017ms and 1407600 bytes
79055556 bytes/s in 0.017ms and 1407600 bytes
77686406 bytes/s in 0.018ms and 1407600 bytes
77185863 bytes/s in 0.018ms and 1407600 bytes
82503472 bytes/s in 0.017ms and 1407600 bytes
77170629 bytes/s in 0.018ms and 1407600 bytes
93538183 bytes/s in 0.015ms and 1407600 bytes
97490026 bytes/s in 0.014ms and 1407600 bytes
102666588 bytes/s in 0.013ms and 1407600 bytes
52375424 bytes/s in 0.026ms and 1407600 bytes
95872496 bytes/s in 0.014ms and 1407600 bytes
93600383 bytes/s in 0.015ms and 1407600 bytes
89772125 bytes/s in 0.015ms and 1407600 bytes
83107988 bytes/s in 0.016ms and 1407600 bytes
71117129 bytes/s in 0.019ms and 1407600 bytes
73003754 bytes/s in 0.019ms and 1407600 bytes
90806458 bytes/s in 0.015ms and 1407600 bytes
80435204 bytes/s in 0.017ms and 1407600 bytes
87009735 bytes/s in 0.016ms and 1407600 bytes
87272456 bytes/s in 0.016ms and 1407600 bytes
101226861 bytes/s in 0.013ms and 1407600 bytes
103522835 bytes/s in 0.013ms and 1407600 bytes
92434381 bytes/s in 0.015ms and 1407600 bytes
85012320 bytes/s in 0.016ms and 1407600 bytes
84102098 bytes/s in 0.016ms and 1407600 bytes
81520606 bytes/s in 0.017ms and 1407600 bytes
80080102 bytes/s in 0.017ms and 1407600 bytes
74710203 bytes/s in 0.018ms and 1407600 bytes
74054588 bytes/s in 0.019ms and 1407600 bytes
76555336 bytes/s in 0.018ms and 1407600 bytes
88246357 bytes/s in 0.015ms and 1407600 bytes
78588576 bytes/s in 0.017ms and 1407600 bytes
69629050 bytes/s in 0.02ms and 1407600 bytes
76343164 bytes/s in 0.018ms and 1407600 bytes
82070059 bytes/s in 0.017ms and 1407600 bytes
77300310 bytes/s in 0.018ms and 1407600 bytes
76384592 bytes/s in 0.018ms and 1407600 bytes
60005371 bytes/s in 0.023ms and 1407600 bytes
102023657 bytes/s in 0.013ms and 1407600 bytes
82242684 bytes/s in 0.017ms and 1407600 bytes
57464788 bytes/s in 0.024ms and 1407600 bytes
88256317 bytes/s in 0.015ms and 1407600 bytes
87085637 bytes/s in 0.016ms and 1407600 bytes
88352153 bytes/s in 0.015ms and 1407600 bytes
75199538 bytes/s in 0.018ms and 1407600 bytes
82323973 bytes/s in 0.017ms and 1407600 bytes
84493346 bytes/s in 0.016ms and 1407600 bytes
78939841 bytes/s in 0.017ms and 1407600 bytes
74143525 bytes/s in 0.018ms and 1407600 bytes
79544748 bytes/s in 0.017ms and 1407600 bytes
76317087 bytes/s in 0.018ms and 1407600 bytes
85098665 bytes/s in 0.016ms and 1407600 bytes
58615807 bytes/s in 0.024ms and 1407600 bytes
82928294 bytes/s in 0.016ms and 1407600 bytes
81025540 bytes/s in 0.017ms and 1407600 bytes
78521063 bytes/s in 0.017ms and 1407600 bytes
70986580 bytes/s in 0.019ms and 1407600 bytes
86556022 bytes/s in 0.016ms and 1407600 bytes
86778540 bytes/s in 0.016ms and 1407600 bytes
74541660 bytes/s in 0.018ms and 1407600 bytes
74583527 bytes/s in 0.018ms and 1407600 bytes
82930249 bytes/s in 0.016ms and 1407600 bytes
83044737 bytes/s in 0.016ms and 1407600 bytes
90212264 bytes/s in 0.015ms and 1407600 bytes
93588558 bytes/s in 0.015ms and 1407600 bytes
86365365 bytes/s in 0.016ms and 1407600 bytes
85805724 bytes/s in 0.016ms and 1407600 bytes
99550903 bytes/s in 0.014ms and 1407600 bytes
93322990 bytes/s in 0.015ms and 1407600 bytes
87272997 bytes/s in 0.016ms and 1407600 bytes
83577268 bytes/s in 0.016ms and 1407600 bytes
78395553 bytes/s in 0.017ms and 1407600 bytes
72379855 bytes/s in 0.019ms and 1407600 bytes
70882914 bytes/s in 0.019ms and 1407600 bytes
64960357 bytes/s in 0.021ms and 1407600 bytes
82209061 bytes/s in 0.017ms and 1407600 bytes
85793172 bytes/s in 0.016ms and 1407600 bytes
79438804 bytes/s in 0.017ms and 1407600 bytes
75338396 bytes/s in 0.018ms and 1407600 bytes
77113555 bytes/s in 0.018ms and 1407600 bytes
93701322 bytes/s in 0.015ms and 1407600 bytes
89647485 bytes/s in 0.015ms and 1407600 bytes
58189093 bytes/s in 0.024ms and 1407600 bytes
70162146 bytes/s in 0.02ms and 1407600 bytes
73489333 bytes/s in 0.019ms and 1407600 bytes
67258531 bytes/s in 0.02ms and 1407600 bytes
69371340 bytes/s in 0.02ms and 1407600 bytes
98412232 bytes/s in 0.014ms and 1407600 bytes
100911182 bytes/s in 0.013ms and 1407600 bytes
100557940 bytes/s in 0.013ms and 1407600 bytes
98286480 bytes/s in 0.014ms and 1407600 bytes
91820559 bytes/s in 0.015ms and 1407600 bytes
101539393 bytes/s in 0.013ms and 1407600 bytes
83023185 bytes/s in 0.016ms and 1407600 bytes
84979986 bytes/s in 0.016ms and 1407600 bytes
75986676 bytes/s in 0.018ms and 1407600 bytes
74670174 bytes/s in 0.018ms and 1407600 bytes
79345663 bytes/s in 0.017ms and 1407600 bytes
74882298 bytes/s in 0.018ms and 1407600 bytes
96055684 bytes/s in 0.014ms and 1407600 bytes
83479622 bytes/s in 0.016ms and 1407600 bytes
81568791 bytes/s in 0.017ms and 1407600 bytes
80547051 bytes/s in 0.017ms and 1407600 bytes
80463712 bytes/s in 0.017ms and 1407600 bytes
72542117 bytes/s in 0.019ms and 1407600 bytes
80738323 bytes/s in 0.017ms and 1407600 bytes
58638272 bytes/s in 0.024ms and 1407600 bytes
91598284 bytes/s in 0.015ms and 1407600 bytes
80751755 bytes/s in 0.017ms and 1407600 bytes
79997272 bytes/s in 0.017ms and 1407600 bytes
72286186 bytes/s in 0.019ms and 1407600 bytes
71000902 bytes/s in 0.019ms and 1407600 bytes
93108169 bytes/s in 0.015ms and 1407600 bytes
86930207 bytes/s in 0.016ms and 1407600 bytes
73921583 bytes/s in 0.019ms and 1407600 bytes
83537587 bytes/s in 0.016ms and 1407600 bytes
95153756 bytes/s in 0.014ms and 1407600 bytes
95144751 bytes/s in 0.014ms and 1407600 bytes
98005904 bytes/s in 0.014ms and 1407600 bytes
100448865 bytes/s in 0.014ms and 1407600 bytes
82664333 bytes/s in 0.017ms and 1407600 bytes
88129226 bytes/s in 0.015ms and 1407600 bytes
70669391 bytes/s in 0.019ms and 1407600 bytes
78483849 bytes/s in 0.017ms and 1407600 bytes
77285031 bytes/s in 0.018ms and 1407600 bytes
79580275 bytes/s in 0.017ms and 1407600 bytes
80864949 bytes/s in 0.017ms and 1407600 bytes
74975631 bytes/s in 0.018ms and 1407600 bytes
94339369 bytes/s in 0.014ms and 1407600 bytes
106012336 bytes/s in 0.013ms and 1407600 bytes
78885868 bytes/s in 0.017ms and 1407600 bytes
93035552 bytes/s in 0.015ms and 1407600 bytes
85859633 bytes/s in 0.016ms and 1407600 bytes
88654872 bytes/s in 0.015ms and 1407600 bytes
82357690 bytes/s in 0.017ms and 1407600 bytes
82864341 bytes/s in 0.016ms and 1407600 bytes
83437561 bytes/s in 0.016ms and 1407600 bytes
80540138 bytes/s in 0.017ms and 1407600 bytes
79889213 bytes/s in 0.017ms and 1407600 bytes
75950596 bytes/s in 0.018ms and 1407600 bytes
79141342 bytes/s in 0.017ms and 1407600 bytes
64343016 bytes/s in 0.021ms and 1407600 bytes
83961633 bytes/s in 0.016ms and 1407600 bytes
83253979 bytes/s in 0.016ms and 1407600 bytes
90491221 bytes/s in 0.015ms and 1407600 bytes
84678365 bytes/s in 0.016ms and 1407600 bytes
80251312 bytes/s in 0.017ms and 1407600 bytes
77829875 bytes/s in 0.018ms and 1407600 bytes
80972405 bytes/s in 0.017ms and 1407600 bytes
77869056 bytes/s in 0.018ms and 1407600 bytes
91677033 bytes/s in 0.015ms and 1407600 bytes
76535356 bytes/s in 0.018ms and 1407600 bytes
82013633 bytes/s in 0.017ms and 1407600 bytes
73400810 bytes/s in 0.019ms and 1407600 bytes
81244877 bytes/s in 0.017ms and 1407600 bytes
87761082 bytes/s in 0.016ms and 1407600 bytes
82201380 bytes/s in 0.017ms and 1407600 bytes
76908366 bytes/s in 0.018ms and 1407600 bytes
80112462 bytes/s in 0.017ms and 1407600 bytes
82936112 bytes/s in 0.016ms and 1407600 bytes
90783618 bytes/s in 0.015ms and 1407600 bytes
82400117 bytes/s in 0.017ms and 1407600 bytes
80897016 bytes/s in 0.017ms and 1407600 bytes
75491126 bytes/s in 0.018ms and 1407600 bytes
78086774 bytes/s in 0.018ms and 1407600 bytes
80796252 bytes/s in 0.017ms and 1407600 bytes
93079232 bytes/s in 0.015ms and 1407600 bytes
106811145 bytes/s in 0.013ms and 1407600 bytes
102750525 bytes/s in 0.013ms and 1407600 bytes
96256026 bytes/s in 0.014ms and 1407600 bytes
94878604 bytes/s in 0.014ms and 1407600 bytes
94641932 bytes/s in 0.014ms and 1407600 bytes
91503607 bytes/s in 0.015ms and 1407600 bytes
87715690 bytes/s in 0.016ms and 1407600 bytes
82636185 bytes/s in 0.017ms and 1407600 bytes
82574619 bytes/s in 0.017ms and 1407600 bytes
75643664 bytes/s in 0.018ms and 1407600 bytes
80976131 bytes/s in 0.017ms and 1407600 bytes
73759667 bytes/s in 0.019ms and 1407600 bytes
81150262 bytes/s in 0.017ms and 1407600 bytes
71073679 bytes/s in 0.019ms and 1407600 bytes
78647416 bytes/s in 0.017ms and 1407600 bytes
69799962 bytes/s in 0.02ms and 1407600 bytes
75766220 bytes/s in 0.018ms and 1407600 bytes
86498577 bytes/s in 0.016ms and 1407600 bytes
79544298 bytes/s in 0.017ms and 1407600 bytes
72238331 bytes/s in 0.019ms and 1407600 bytes
82683270 bytes/s in 0.017ms and 1407600 bytes
85759719 bytes/s in 0.016ms and 1407600 bytes
83315576 bytes/s in 0.016ms and 1407600 bytes
78465037 bytes/s in 0.017ms and 1407600 bytes
82437758 bytes/s in 0.017ms and 1407600 bytes
70704178 bytes/s in 0.019ms and 1407600 bytes
90013812 bytes/s in 0.015ms and 1407600 bytes
86810652 bytes/s in 0.016ms and 1407600 bytes
76511643 bytes/s in 0.018ms and 1407600 bytes
78617107 bytes/s in 0.017ms and 1407600 bytes
77972579 bytes/s in 0.018ms and 1407600 bytes
85025158 bytes/s in 0.016ms and 1407600 bytes
88628078 bytes/s in 0.015ms and 1407600 bytes
84412274 bytes/s in 0.016ms and 1407600 bytes
92605263 bytes/s in 0.015ms and 1407600 bytes
86191904 bytes/s in 0.016ms and 1407600 bytes
98003174 bytes/s in 0.014ms and 1407600 bytes
102778284 bytes/s in 0.013ms and 1407600 bytes
91970545 bytes/s in 0.015ms and 1407600 bytes
97598180 bytes/s in 0.014ms and 1407600 bytes
71752627 bytes/s in 0.019ms and 1407600 bytes
66885563 bytes/s in 0.021ms and 1407600 bytes
65165761 bytes/s in 0.021ms and 1407600 bytes
63626953 bytes/s in 0.022ms and 1407600 bytes
80071903 bytes/s in 0.017ms and 1407600 bytes
60405276 bytes/s in 0.023ms and 1407600 bytes
72056023 bytes/s in 0.019ms and 1407600 bytes
52953923 bytes/s in 0.026ms and 1407600 bytes
74450979 bytes/s in 0.018ms and 1407600 bytes
79656835 bytes/s in 0.017ms and 1407600 bytes
81196137 bytes/s in 0.017ms and 1407600 bytes
72873739 bytes/s in 0.019ms and 1407600 bytes
59729866 bytes/s in 0.023ms and 1407600 bytes
56729242 bytes/s in 0.024ms and 1407600 bytes
68452713 bytes/s in 0.02ms and 1407600 bytes
62493895 bytes/s in 0.022ms and 1407600 bytes
59931536 bytes/s in 0.023ms and 1407600 bytes
46419596 bytes/s in 0.03ms and 1407600 bytes
71485523 bytes/s in 0.019ms and 1407600 bytes
80485796 bytes/s in 0.017ms and 1407600 bytes
77933294 bytes/s in 0.018ms and 1407600 bytes
58972629 bytes/s in 0.023ms and 1407600 bytes
75797227 bytes/s in 0.018ms and 1407600 bytes
44754195 bytes/s in 0.031ms and 1407600 bytes
64149773 bytes/s in 0.021ms and 1407600 bytes
73438339 bytes/s in 0.019ms and 1407600 bytes
58055655 bytes/s in 0.024ms and 1407600 bytes
65016766 bytes/s in 0.021ms and 1407600 bytes
68758334 bytes/s in 0.02ms and 1407600 bytes
78083741 bytes/s in 0.018ms and 1407600 bytes
61016684 bytes/s in 0.023ms and 1407600 bytes
71786293 bytes/s in 0.019ms and 1407600 bytes
69412391 bytes/s in 0.02ms and 1407600 bytes
55380910 bytes/s in 0.025ms and 1407600 bytes
81358518 bytes/s in 0.017ms and 1407600 bytes
63813871 bytes/s in 0.022ms and 1407600 bytes
66816667 bytes/s in 0.021ms and 1407600 bytes
47830371 bytes/s in 0.029ms and 1407600 bytes
65542016 bytes/s in 0.021ms and 1407600 bytes
67119662 bytes/s in 0.02ms and 1407600 bytes
52811669 bytes/s in 0.026ms and 1407600 bytes
62508604 bytes/s in 0.022ms and 1407600 bytes
64123472 bytes/s in 0.021ms and 1407600 bytes
75156174 bytes/s in 0.018ms and 1407600 bytes
83362451 bytes/s in 0.016ms and 1407600 bytes
75610345 bytes/s in 0.018ms and 1407600 bytes
72675829 bytes/s in 0.019ms and 1407600 bytes
81730769 bytes/s in 0.017ms and 1407600 bytes
71164589 bytes/s in 0.019ms and 1407600 bytes
74799927 bytes/s in 0.018ms and 1407600 bytes
79793204 bytes/s in 0.017ms and 1407600 bytes
69990154 bytes/s in 0.02ms and 1407600 bytes
73218307 bytes/s in 0.019ms and 1407600 bytes
65975167 bytes/s in 0.021ms and 1407600 bytes
78115808 bytes/s in 0.018ms and 1407600 bytes
65686686 bytes/s in 0.021ms and 1407600 bytes
63849765 bytes/s in 0.022ms and 1407600 bytes
56842640 bytes/s in 0.024ms and 1407600 bytes
59424248 bytes/s in 0.023ms and 1407600 bytes
57196494 bytes/s in 0.024ms and 1407600 bytes
80020010 bytes/s in 0.017ms and 1407600 bytes
72459590 bytes/s in 0.019ms and 1407600 bytes
69510767 bytes/s in 0.02ms and 1407600 bytes
68357971 bytes/s in 0.02ms and 1407600 bytes
64805138 bytes/s in 0.021ms and 1407600 bytes
85753449 bytes/s in 0.016ms and 1407600 bytes
70432119 bytes/s in 0.019ms and 1407600 bytes
66869994 bytes/s in 0.021ms and 1407600 bytes
75501249 bytes/s in 0.018ms and 1407600 bytes
51291020 bytes/s in 0.027ms and 1407600 bytes
75720979 bytes/s in 0.018ms and 1407600 bytes
74449798 bytes/s in 0.018ms and 1407600 bytes
58396219 bytes/s in 0.024ms and 1407600 bytes
67083835 bytes/s in 0.02ms and 1407600 bytes
65124155 bytes/s in 0.021ms and 1407600 bytes
57293108 bytes/s in 0.024ms and 1407600 bytes
65462460 bytes/s in 0.021ms and 1407600 bytes
74922554 bytes/s in 0.018ms and 1407600 bytes
81313869 bytes/s in 0.017ms and 1407600 bytes
80193247 bytes/s in 0.017ms and 1407600 bytes
81870052 bytes/s in 0.017ms and 1407600 bytes
90669002 bytes/s in 0.015ms and 1407600 bytes
92340997 bytes/s in 0.015ms and 1407600 bytes
85714285 bytes/s in 0.016ms and 1407600 bytes
89543693 bytes/s in 0.015ms and 1407600 bytes
93409692 bytes/s in 0.015ms and 1407600 bytes
90999599 bytes/s in 0.015ms and 1407600 bytes
92913957 bytes/s in 0.015ms and 1407600 bytes
87662155 bytes/s in 0.016ms and 1407600 bytes
82184582 bytes/s in 0.017ms and 1407600 bytes
80598707 bytes/s in 0.017ms and 1407600 bytes
82196100 bytes/s in 0.017ms and 1407600 bytes
84077483 bytes/s in 0.016ms and 1407600 bytes
79953650 bytes/s in 0.017ms and 1407600 bytes
82450796 bytes/s in 0.017ms and 1407600 bytes
81250974 bytes/s in 0.017ms and 1407600 bytes
78616229 bytes/s in 0.017ms and 1407600 bytes
91681810 bytes/s in 0.015ms and 1407600 bytes
83150700 bytes/s in 0.016ms and 1407600 bytes
72897893 bytes/s in 0.019ms and 1407600 bytes
80468312 bytes/s in 0.017ms and 1407600 bytes
90875636 bytes/s in 0.015ms and 1407600 bytes
86520907 bytes/s in 0.016ms and 1407600 bytes
48212414 bytes/s in 0.029ms and 1407600 bytes
85711154 bytes/s in 0.016ms and 1407600 bytes
84097576 bytes/s in 0.016ms and 1407600 bytes
81374980 bytes/s in 0.017ms and 1407600 bytes
79916880 bytes/s in 0.017ms and 1407600 bytes
77884567 bytes/s in 0.018ms and 1407600 bytes
76748598 bytes/s in 0.018ms and 1407600 bytes
82976202 bytes/s in 0.016ms and 1407600 bytes
86502829 bytes/s in 0.016ms and 1407600 bytes
83965139 bytes/s in 0.016ms and 1407600 bytes
81166172 bytes/s in 0.017ms and 1407600 bytes
100320003 bytes/s in 0.014ms and 1407600 bytes
95678949 bytes/s in 0.014ms and 1407600 bytes
87604869 bytes/s in 0.016ms and 1407600 bytes
91037854 bytes/s in 0.015ms and 1407600 bytes
82763973 bytes/s in 0.017ms and 1407600 bytes
75581520 bytes/s in 0.018ms and 1407600 bytes
81583919 bytes/s in 0.017ms and 1407600 bytes
76255072 bytes/s in 0.018ms and 1407600 bytes
46558704 bytes/s in 0.03ms and 1407600 bytes
82718741 bytes/s in 0.017ms and 1407600 bytes
86230450 bytes/s in 0.016ms and 1407600 bytes
97419854 bytes/s in 0.014ms and 1407600 bytes
91810977 bytes/s in 0.015ms and 1407600 bytes
82973756 bytes/s in 0.016ms and 1407600 bytes
88496576 bytes/s in 0.015ms and 1407600 bytes
86423694 bytes/s in 0.016ms and 1407600 bytes
82035142 bytes/s in 0.017ms and 1407600 bytes
86920545 bytes/s in 0.016ms and 1407600 bytes
79573977 bytes/s in 0.017ms and 1407600 bytes
76379204 bytes/s in 0.018ms and 1407600 bytes
81003159 bytes/s in 0.017ms and 1407600 bytes
82912663 bytes/s in 0.016ms and 1407600 bytes
90036843 bytes/s in 0.015ms and 1407600 bytes
95484886 bytes/s in 0.014ms and 1407600 bytes
81232218 bytes/s in 0.017ms and 1407600 bytes
80819912 bytes/s in 0.017ms and 1407600 bytes
79201458 bytes/s in 0.017ms and 1407600 bytes
82306163 bytes/s in 0.017ms and 1407600 bytes
102014045 bytes/s in 0.013ms and 1407600 bytes
72092558 bytes/s in 0.019ms and 1407600 bytes
91457828 bytes/s in 0.015ms and 1407600 bytes
68243963 bytes/s in 0.02ms and 1407600 bytes
65959400 bytes/s in 0.021ms and 1407600 bytes
64320083 bytes/s in 0.021ms and 1407600 bytes
90885024 bytes/s in 0.015ms and 1407600 bytes
80335587 bytes/s in 0.017ms and 1407600 bytes
80253600 bytes/s in 0.017ms and 1407600 bytes
75886310 bytes/s in 0.018ms and 1407600 bytes
74421850 bytes/s in 0.018ms and 1407600 bytes
78677748 bytes/s in 0.017ms and 1407600 bytes
81068005 bytes/s in 0.017ms and 1407600 bytes
84721177 bytes/s in 0.016ms and 1407600 bytes
80023650 bytes/s in 0.017ms and 1407600 bytes
83892077 bytes/s in 0.016ms and 1407600 bytes
81909594 bytes/s in 0.017ms and 1407600 bytes
93742507 bytes/s in 0.015ms and 1407600 bytes
84174520 bytes/s in 0.016ms and 1407600 bytes
78167864 bytes/s in 0.018ms and 1407600 bytes
80647194 bytes/s in 0.017ms and 1407600 bytes
81837209 bytes/s in 0.017ms and 1407600 bytes
75449852 bytes/s in 0.018ms and 1407600 bytes
95584091 bytes/s in 0.014ms and 1407600 bytes
100444564 bytes/s in 0.014ms and 1407600 bytes
100254982 bytes/s in 0.014ms and 1407600 bytes
54581410 bytes/s in 0.025ms and 1407600 bytes
92932974 bytes/s in 0.015ms and 1407600 bytes
98371654 bytes/s in 0.014ms and 1407600 bytes
92513966 bytes/s in 0.015ms and 1407600 bytes
76689640 bytes/s in 0.018ms and 1407600 bytes
89362350 bytes/s in 0.015ms and 1407600 bytes
88391545 bytes/s in 0.015ms and 1407600 bytes
87899735 bytes/s in 0.016ms and 1407600 bytes
82198020 bytes/s in 0.017ms and 1407600 bytes
83293390 bytes/s in 0.016ms and 1407600 bytes
78176547 bytes/s in 0.018ms and 1407600 bytes
62878303 bytes/s in 0.022ms and 1407600 bytes
76028540 bytes/s in 0.018ms and 1407600 bytes
87844331 bytes/s in 0.016ms and 1407600 bytes
83737365 bytes/s in 0.016ms and 1407600 bytes
78599547 bytes/s in 0.017ms and 1407600 bytes
81128747 bytes/s in 0.017ms and 1407600 bytes
75796003 bytes/s in 0.018ms and 1407600 bytes
97394240 bytes/s in 0.014ms and 1407600 bytes
90127353 bytes/s in 0.015ms and 1407600 bytes
81543746 bytes/s in 0.017ms and 1407600 bytes
75937075 bytes/s in 0.018ms and 1407600 bytes
79767429 bytes/s in 0.017ms and 1407600 bytes
84791094 bytes/s in 0.016ms and 1407600 bytes
85274464 bytes/s in 0.016ms and 1407600 bytes
70910767 bytes/s in 0.019ms and 1407600 bytes
68794627 bytes/s in 0.02ms and 1407600 bytes
77988132 bytes/s in 0.018ms and 1407600 bytes
77074709 bytes/s in 0.018ms and 1407600 bytes
77967829 bytes/s in 0.018ms and 1407600 bytes
67475516 bytes/s in 0.02ms and 1407600 bytes
76780415 bytes/s in 0.018ms and 1407600 bytes
75092825 bytes/s in 0.018ms and 1407600 bytes
76086486 bytes/s in 0.018ms and 1407600 bytes
81286164 bytes/s in 0.017ms and 1407600 bytes
97640154 bytes/s in 0.014ms and 1407600 bytes
99872994 bytes/s in 0.014ms and 1407600 bytes
92615012 bytes/s in 0.015ms and 1407600 bytes
92825112 bytes/s in 0.015ms and 1407600 bytes
86039119 bytes/s in 0.016ms and 1407600 bytes
93361367 bytes/s in 0.015ms and 1407600 bytes
95526358 bytes/s in 0.014ms and 1407600 bytes
77885429 bytes/s in 0.018ms and 1407600 bytes
84199192 bytes/s in 0.016ms and 1407600 bytes
81385802 bytes/s in 0.017ms and 1407600 bytes
77677832 bytes/s in 0.018ms and 1407600 bytes
77493944 bytes/s in 0.018ms and 1407600 bytes
77363188 bytes/s in 0.018ms and 1407600 bytes
80364483 bytes/s in 0.017ms and 1407600 bytes
82555732 bytes/s in 0.017ms and 1407600 bytes
81033003 bytes/s in 0.017ms and 1407600 bytes
92469600 bytes/s in 0.015ms and 1407600 bytes
78977046 bytes/s in 0.017ms and 1407600 bytes
86050165 bytes/s in 0.016ms and 1407600 bytes
83413333 bytes/s in 0.016ms and 1407600 bytes
89249029 bytes/s in 0.015ms and 1407600 bytes
86527290 bytes/s in 0.016ms and 1407600 bytes
97976570 bytes/s in 0.014ms and 1407600 bytes
51373012 bytes/s in 0.027ms and 1407600 bytes
90608887 bytes/s in 0.015ms and 1407600 bytes
95249695 bytes/s in 0.014ms and 1407600 bytes
70558866 bytes/s in 0.019ms and 1407600 bytes
94978475 bytes/s in 0.014ms and 1407600 bytes
83615993 bytes/s in 0.016ms and 1407600 bytes
76937792 bytes/s in 0.018ms and 1407600 bytes
80365401 bytes/s in 0.017ms and 1407600 bytes
81057268 bytes/s in 0.017ms and 1407600 bytes
80831514 bytes/s in 0.017ms and 1407600 bytes
77340234 bytes/s in 0.018ms and 1407600 bytes
80559037 bytes/s in 0.017ms and 1407600 bytes
76068394 bytes/s in 0.018ms and 1407600 bytes
63705279 bytes/s in 0.022ms and 1407600 bytes
84751273 bytes/s in 0.016ms and 1407600 bytes
81452205 bytes/s in 0.017ms and 1407600 bytes
95140893 bytes/s in 0.014ms and 1407600 bytes
78028770 bytes/s in 0.018ms and 1407600 bytes
72040534 bytes/s in 0.019ms and 1407600 bytes
74104881 bytes/s in 0.018ms and 1407600 bytes
73028373 bytes/s in 0.019ms and 1407600 bytes
79294260 bytes/s in 0.017ms and 1407600 bytes
84954342 bytes/s in 0.016ms and 1407600 bytes
81772551 bytes/s in 0.017ms and 1407600 bytes
80081925 bytes/s in 0.017ms and 1407600 bytes
78717347 bytes/s in 0.017ms and 1407600 bytes
79081761 bytes/s in 0.017ms and 1407600 bytes
79934126 bytes/s in 0.017ms and 1407600 bytes
81730769 bytes/s in 0.017ms and 1407600 bytes
94897794 bytes/s in 0.014ms and 1407600 bytes
79687951 bytes/s in 0.017ms and 1407600 bytes
80730451 bytes/s in 0.017ms and 1407600 bytes
82681813 bytes/s in 0.017ms and 1407600 bytes
82187461 bytes/s in 0.017ms and 1407600 bytes
85607940 bytes/s in 0.016ms and 1407600 bytes
86291242 bytes/s in 0.016ms and 1407600 bytes
73182524 bytes/s in 0.019ms and 1407600 bytes
74191593 bytes/s in 0.018ms and 1407600 bytes
81235031 bytes/s in 0.017ms and 1407600 bytes
77092438 bytes/s in 0.018ms and 1407600 bytes
84209266 bytes/s in 0.016ms and 1407600 bytes
83477642 bytes/s in 0.016ms and 1407600 bytes
79504312 bytes/s in 0.017ms and 1407600 bytes
80953312 bytes/s in 0.017ms and 1407600 bytes
76142461 bytes/s in 0.018ms and 1407600 bytes
74166965 bytes/s in 0.018ms and 1407600 bytes
100292841 bytes/s in 0.014ms and 1407600 bytes
82826796 bytes/s in 0.016ms and 1407600 bytes
80859375 bytes/s in 0.017ms and 1407600 bytes
81494175 bytes/s in 0.017ms and 1407600 bytes
76389152 bytes/s in 0.018ms and 1407600 bytes
90635725 bytes/s in 0.015ms and 1407600 bytes
86903909 bytes/s in 0.016ms and 1407600 bytes
81975423 bytes/s in 0.017ms and 1407600 bytes
73390094 bytes/s in 0.019ms and 1407600 bytes
76639951 bytes/s in 0.018ms and 1407600 bytes
85656909 bytes/s in 0.016ms and 1407600 bytes
80038210 bytes/s in 0.017ms and 1407600 bytes
83717942 bytes/s in 0.016ms and 1407600 bytes
73637733 bytes/s in 0.019ms and 1407600 bytes
80197816 bytes/s in 0.017ms and 1407600 bytes
94498338 bytes/s in 0.014ms and 1407600 bytes
62354369 bytes/s in 0.022ms and 1407600 bytes
67871470 bytes/s in 0.02ms and 1407600 bytes
66006105 bytes/s in 0.021ms and 1407600 bytes
77082728 bytes/s in 0.018ms and 1407600 bytes
85687674 bytes/s in 0.016ms and 1407600 bytes
79314366 bytes/s in 0.017ms and 1407600 bytes
91893091 bytes/s in 0.015ms and 1407600 bytes
99682737 bytes/s in 0.014ms and 1407600 bytes
84132761 bytes/s in 0.016ms and 1407600 bytes
79055556 bytes/s in 0.017ms and 1407600 bytes
75326301 bytes/s in 0.018ms and 1407600 bytes
80579789 bytes/s in 0.017ms and 1407600 bytes
76672095 bytes/s in 0.018ms and 1407600 bytes
78788285 bytes/s in 0.017ms and 1407600 bytes
92236317 bytes/s in 0.015ms and 1407600 bytes
92916410 bytes/s in 0.015ms and 1407600 bytes
77749484 bytes/s in 0.018ms and 1407600 bytes
80422337 bytes/s in 0.017ms and 1407600 bytes
78757868 bytes/s in 0.017ms and 1407600 bytes
77522539 bytes/s in 0.018ms and 1407600 bytes
86929133 bytes/s in 0.016ms and 1407600 bytes
84113657 bytes/s in 0.016ms and 1407600 bytes
81950606 bytes/s in 0.017ms and 1407600 bytes
84300044 bytes/s in 0.016ms and 1407600 bytes
77453434 bytes/s in 0.018ms and 1407600 bytes
84211282 bytes/s in 0.016ms and 1407600 bytes
89854646 bytes/s in 0.015ms and 1407600 bytes
92840418 bytes/s in 0.015ms and 1407600 bytes
85432839 bytes/s in 0.016ms and 1407600 bytes
86259513 bytes/s in 0.016ms and 1407600 bytes
93049082 bytes/s in 0.015ms and 1407600 bytes
95919535 bytes/s in 0.014ms and 1407600 bytes
86386036 bytes/s in 0.016ms and 1407600 bytes
81150730 bytes/s in 0.017ms and 1407600 bytes
80842656 bytes/s in 0.017ms and 1407600 bytes
71341685 bytes/s in 0.019ms and 1407600 bytes
72712996 bytes/s in 0.019ms and 1407600 bytes
78352787 bytes/s in 0.017ms and 1407600 bytes
86410431 bytes/s in 0.016ms and 1407600 bytes
82917059 bytes/s in 0.016ms and 1407600 bytes
81128747 bytes/s in 0.017ms and 1407600 bytes
73237736 bytes/s in 0.019ms and 1407600 bytes
82190341 bytes/s in 0.017ms and 1407600 bytes
79292027 bytes/s in 0.017ms and 1407600 bytes
89456625 bytes/s in 0.015ms and 1407600 bytes
99208502 bytes/s in 0.014ms and 1407600 bytes
99460162 bytes/s in 0.014ms and 1407600 bytes
97360557 bytes/s in 0.014ms and 1407600 bytes
65705696 bytes/s in 0.021ms and 1407600 bytes
80379168 bytes/s in 0.017ms and 1407600 bytes
82868244 bytes/s in 0.016ms and 1407600 bytes
77954011 bytes/s in 0.018ms and 1407600 bytes
73474756 bytes/s in 0.019ms and 1407600 bytes
72123218 bytes/s in 0.019ms and 1407600 bytes
91830144 bytes/s in 0.015ms and 1407600 bytes
79544748 bytes/s in 0.017ms and 1407600 bytes
84627455 bytes/s in 0.016ms and 1407600 bytes
75572187 bytes/s in 0.018ms and 1407600 bytes
81675757 bytes/s in 0.017ms and 1407600 bytes
84037326 bytes/s in 0.016ms and 1407600 bytes
73970918 bytes/s in 0.019ms and 1407600 bytes
95169839 bytes/s in 0.014ms and 1407600 bytes
97491377 bytes/s in 0.014ms and 1407600 bytes
95240028 bytes/s in 0.014ms and 1407600 bytes
92922544 bytes/s in 0.015ms and 1407600 bytes
97067159 bytes/s in 0.014ms and 1407600 bytes
93991639 bytes/s in 0.014ms and 1407600 bytes
69045353 bytes/s in 0.02ms and 1407600 bytes
58906242 bytes/s in 0.023ms and 1407600 bytes
79587474 bytes/s in 0.017ms and 1407600 bytes
73834726 bytes/s in 0.019ms and 1407600 bytes
79483212 bytes/s in 0.017ms and 1407600 bytes
78885868 bytes/s in 0.017ms and 1407600 bytes
77414671 bytes/s in 0.018ms and 1407600 bytes
80767045 bytes/s in 0.017ms and 1407600 bytes
91790621 bytes/s in 0.015ms and 1407600 bytes
83637854 bytes/s in 0.016ms and 1407600 bytes
80952380 bytes/s in 0.017ms and 1407600 bytes
79796823 bytes/s in 0.017ms and 1407600 bytes
75971092 bytes/s in 0.018ms and 1407600 bytes
78839917 bytes/s in 0.017ms and 1407600 bytes
83090817 bytes/s in 0.016ms and 1407600 bytes
89640064 bytes/s in 0.015ms and 1407600 bytes
85713763 bytes/s in 0.016ms and 1407600 bytes
88823262 bytes/s in 0.015ms and 1407600 bytes
94326725 bytes/s in 0.014ms and 1407600 bytes
96639982 bytes/s in 0.014ms and 1407600 bytes
93817483 bytes/s in 0.015ms and 1407600 bytes
97346417 bytes/s in 0.014ms and 1407600 bytes
96095030 bytes/s in 0.014ms and 1407600 bytes
83950617 bytes/s in 0.016ms and 1407600 bytes
85768602 bytes/s in 0.016ms and 1407600 bytes
77268909 bytes/s in 0.018ms and 1407600 bytes
82314345 bytes/s in 0.017ms and 1407600 bytes
81302597 bytes/s in 0.017ms and 1407600 bytes
74312624 bytes/s in 0.018ms and 1407600 bytes
67492016 bytes/s in 0.02ms and 1407600 bytes
71175384 bytes/s in 0.019ms and 1407600 bytes
70494200 bytes/s in 0.019ms and 1407600 bytes
75132907 bytes/s in 0.018ms and 1407600 bytes
67363141 bytes/s in 0.02ms and 1407600 bytes
75409836 bytes/s in 0.018ms and 1407600 bytes
76445989 bytes/s in 0.018ms and 1407600 bytes
76590743 bytes/s in 0.018ms and 1407600 bytes
85483165 bytes/s in 0.016ms and 1407600 bytes
87046862 bytes/s in 0.016ms and 1407600 bytes
79498924 bytes/s in 0.017ms and 1407600 bytes
80627792 bytes/s in 0.017ms and 1407600 bytes
79701938 bytes/s in 0.017ms and 1407600 bytes
76350204 bytes/s in 0.018ms and 1407600 bytes
91876896 bytes/s in 0.015ms and 1407600 bytes
78515808 bytes/s in 0.017ms and 1407600 bytes
80562725 bytes/s in 0.017ms and 1407600 bytes
88849052 bytes/s in 0.015ms and 1407600 bytes
84828907 bytes/s in 0.016ms and 1407600 bytes
78329679 bytes/s in 0.017ms and 1407600 bytes
82557668 bytes/s in 0.017ms and 1407600 bytes
76064283 bytes/s in 0.018ms and 1407600 bytes
81328903 bytes/s in 0.017ms and 1407600 bytes
82150048 bytes/s in 0.017ms and 1407600 bytes
75449852 bytes/s in 0.018ms and 1407600 bytes
82813639 bytes/s in 0.016ms and 1407600 bytes
89585865 bytes/s in 0.015ms and 1407600 bytes
84791094 bytes/s in 0.016ms and 1407600 bytes
82500571 bytes/s in 0.017ms and 1407600 bytes
79300068 bytes/s in 0.017ms and 1407600 bytes
76339852 bytes/s in 0.018ms and 1407600 bytes
74928536 bytes/s in 0.018ms and 1407600 bytes
80416823 bytes/s in 0.017ms and 1407600 bytes
74897040 bytes/s in 0.018ms and 1407600 bytes
77356385 bytes/s in 0.018ms and 1407600 bytes
83166912 bytes/s in 0.016ms and 1407600 bytes
80190049 bytes/s in 0.017ms and 1407600 bytes
67676005 bytes/s in 0.02ms and 1407600 bytes
70011738 bytes/s in 0.02ms and 1407600 bytes
80742954 bytes/s in 0.017ms and 1407600 bytes
85094549 bytes/s in 0.016ms and 1407600 bytes
83142841 bytes/s in 0.016ms and 1407600 bytes
85896309 bytes/s in 0.016ms and 1407600 bytes
83081009 bytes/s in 0.016ms and 1407600 bytes
87119594 bytes/s in 0.016ms and 1407600 bytes
90361677 bytes/s in 0.015ms and 1407600 bytes
100652856 bytes/s in 0.013ms and 1407600 bytes
72004788 bytes/s in 0.019ms and 1407600 bytes
77531079 bytes/s in 0.018ms and 1407600 bytes
68508018 bytes/s in 0.02ms and 1407600 bytes
74593013 bytes/s in 0.018ms and 1407600 bytes
75536499 bytes/s in 0.018ms and 1407600 bytes
65963728 bytes/s in 0.021ms and 1407600 bytes
83799182 bytes/s in 0.016ms and 1407600 bytes
88603531 bytes/s in 0.015ms and 1407600 bytes
83563872 bytes/s in 0.016ms and 1407600 bytes
87095337 bytes/s in 0.016ms and 1407600 bytes
81024141 bytes/s in 0.017ms and 1407600 bytes
80215640 bytes/s in 0.017ms and 1407600 bytes
82815588 bytes/s in 0.016ms and 1407600 bytes
71067578 bytes/s in 0.019ms and 1407600 bytes
76650802 bytes/s in 0.018ms and 1407600 bytes
77259579 bytes/s in 0.018ms and 1407600 bytes
85008726 bytes/s in 0.016ms and 1407600 bytes
77995046 bytes/s in 0.018ms and 1407600 bytes
74502601 bytes/s in 0.018ms and 1407600 bytes
78770208 bytes/s in 0.017ms and 1407600 bytes
80016371 bytes/s in 0.017ms and 1407600 bytes
89677756 bytes/s in 0.015ms and 1407600 bytes
96378612 bytes/s in 0.014ms and 1407600 bytes
97285865 bytes/s in 0.014ms and 1407600 bytes
83907580 bytes/s in 0.016ms and 1407600 bytes
95165979 bytes/s in 0.014ms and 1407600 bytes
101612693 bytes/s in 0.013ms and 1407600 bytes
89849484 bytes/s in 0.015ms and 1407600 bytes
85272397 bytes/s in 0.016ms and 1407600 bytes
